Args: ['CNN_shake1.11.py']
Using device: cuda

================ Auto Experiment Summary ================

[Model]
ConvNet(
  (conv1): Conv2d(1, 10, kernel_size=(5, 5), stride=(1, 1))
  (conv2): Conv2d(10, 20, kernel_size=(3, 3), stride=(1, 1))
  (fc1): Linear(in_features=2000, out_features=500, bias=True)
  (fc2): Linear(in_features=500, out_features=10, bias=True)
)
Total params: 1007590
Trainable params: 1007590

[Dataset]
Class: MNIST
Length: 60000
Library: torchvision.datasets

[ShakeAug]
Recipe 0:
  N: 2
  beta: 0.5
  alpha: 0.3
  S: (4, 4)
  offset: random
  p_apply: 1.0

[Rotation Augmentation]
Degrees range: (0, 15)
Max rotation angle: 15

[Training]
Batch size: 256
Epochs: 5
Optimizer: Adam
  lr: 0.0001
  betas: (0.9, 0.999)
  eps: 1e-08
  weight_decay: 0
  amsgrad: False
  maximize: False
  foreach: None
  capturable: False
  differentiable: False
  fused: None
  decoupled_weight_decay: False
=========================================================

Training Plain model...
Epoch 1 | Plain Acc: 90.19%
Epoch 2 | Plain Acc: 92.20%
Epoch 3 | Plain Acc: 93.50%
Epoch 4 | Plain Acc: 94.82%
Epoch 5 | Plain Acc: 95.82%
Training ShakeAug model...
Epoch 1 | ShakeAug Acc: 92.97%
Epoch 2 | ShakeAug Acc: 95.65%
Epoch 3 | ShakeAug Acc: 97.00%
Epoch 4 | ShakeAug Acc: 97.87%
Epoch 5 | ShakeAug Acc: 98.13%
Training Rotation model...
Epoch 1 | Rotation Acc: 88.91%
Epoch 2 | Rotation Acc: 91.36%
Epoch 3 | Rotation Acc: 93.69%
Epoch 4 | Rotation Acc: 95.10%
Epoch 5 | Rotation Acc: 96.19%
