Args: ['CNN_shake1.13.py']
Using device: cuda
Training Plain model...
Epoch 1 | Plain Acc: 91.19%
Epoch 2 | Plain Acc: 93.48%
Epoch 3 | Plain Acc: 95.31%
Epoch 4 | Plain Acc: 96.21%
Epoch 5 | Plain Acc: 96.98%
Training ShakeAug model...
Epoch 1 | ShakeAug Acc: 93.83%
Epoch 2 | ShakeAug Acc: 96.19%
Epoch 3 | ShakeAug Acc: 97.29%
Epoch 4 | ShakeAug Acc: 97.61%
Epoch 5 | ShakeAug Acc: 97.97%
Training RandomRotation model...
Epoch 1 | RandomRotation Acc: 90.59%
Epoch 2 | RandomRotation Acc: 92.98%
Epoch 3 | RandomRotation Acc: 94.40%
Epoch 4 | RandomRotation Acc: 95.47%
Epoch 5 | RandomRotation Acc: 96.36%
Training RandomHorizontalFlip model...
Epoch 1 | RandomHorizontalFlip Acc: 90.33%
Epoch 2 | RandomHorizontalFlip Acc: 93.40%
Epoch 3 | RandomHorizontalFlip Acc: 95.09%
Epoch 4 | RandomHorizontalFlip Acc: 95.61%
Epoch 5 | RandomHorizontalFlip Acc: 96.54%
Training RandomResizedCrop model...
Epoch 1 | RandomResizedCrop Acc: 80.00%
Epoch 2 | RandomResizedCrop Acc: 87.15%
Epoch 3 | RandomResizedCrop Acc: 90.88%
Epoch 4 | RandomResizedCrop Acc: 93.08%
Epoch 5 | RandomResizedCrop Acc: 94.62%

================ Experiment Summary ================

[CNN Architecture]
ConvNet(
  (conv1): Conv2d(1, 10, kernel_size=(5, 5), stride=(1, 1))
  (conv2): Conv2d(10, 20, kernel_size=(3, 3), stride=(1, 1))
  (fc1): Linear(in_features=2000, out_features=500, bias=True)
  (fc2): Linear(in_features=500, out_features=10, bias=True)
)
Total parameters: 1007590
Trainable parameters: 1007590

[Model Parameter Summary]
Plain:
  Total params: 1007590
  Trainable params: 1007590
ShakeAug:
  Total params: 1007590
  Trainable params: 1007590
RandomRotation:
  Total params: 1007590
  Trainable params: 1007590
RandomHorizontalFlip:
  Total params: 1007590
  Trainable params: 1007590
RandomResizedCrop:
  Total params: 1007590
  Trainable params: 1007590
====================================================

