Args: ['CNN_shake1.10.py']
Using device: cuda
Starting training plain model...
Epoch  1 | Test(Plain): 90.77%
Epoch  2 | Test(Plain): 93.41%
Epoch  3 | Test(Plain): 94.94%
Epoch  4 | Test(Plain): 95.98%
Epoch  5 | Test(Plain): 96.66%
Starting training ShakeAug model...
Epoch  1 | Test(ShakeAug): 93.48%
Epoch  2 | Test(ShakeAug): 96.34%
Epoch  3 | Test(ShakeAug): 97.34%
Epoch  4 | Test(ShakeAug): 97.83%
Epoch  5 | Test(ShakeAug): 98.23%
Starting training Rotation model...
Epoch  1 | Test(Rotation): 87.99%
Epoch  2 | Test(Rotation): 91.03%
Epoch  3 | Test(Rotation): 92.43%
Epoch  4 | Test(Rotation): 94.03%
Epoch  5 | Test(Rotation): 95.10%
