Using device: cuda

Epoch 1
Step     2 | Loss_aug: 2.3045 | Loss_plain: 2.2937 | Test Acc: 13.96%
Step     4 | Loss_aug: 2.2882 | Loss_plain: 2.2819 | Test Acc: 22.75%
Step     6 | Loss_aug: 2.2723 | Loss_plain: 2.2694 | Test Acc: 40.12%
Step     8 | Loss_aug: 2.2602 | Loss_plain: 2.2542 | Test Acc: 57.84%
Step    10 | Loss_aug: 2.2458 | Loss_plain: 2.2371 | Test Acc: 63.16%
Step    12 | Loss_aug: 2.2256 | Loss_plain: 2.2172 | Test Acc: 68.78%
Step    14 | Loss_aug: 2.2159 | Loss_plain: 2.2090 | Test Acc: 71.71%
Step    16 | Loss_aug: 2.1915 | Loss_plain: 2.1877 | Test Acc: 72.16%
Step    18 | Loss_aug: 2.1723 | Loss_plain: 2.1676 | Test Acc: 71.33%
Step    20 | Loss_aug: 2.1579 | Loss_plain: 2.1324 | Test Acc: 71.78%
Step    22 | Loss_aug: 2.1310 | Loss_plain: 2.1173 | Test Acc: 72.17%
Step    24 | Loss_aug: 2.1064 | Loss_plain: 2.1045 | Test Acc: 70.79%
Step    26 | Loss_aug: 2.0899 | Loss_plain: 2.0522 | Test Acc: 69.37%
Step    28 | Loss_aug: 2.0533 | Loss_plain: 2.0376 | Test Acc: 69.09%
Step    30 | Loss_aug: 2.0294 | Loss_plain: 2.0092 | Test Acc: 69.13%
Step    32 | Loss_aug: 2.0039 | Loss_plain: 1.9696 | Test Acc: 69.76%
Step    34 | Loss_aug: 1.9686 | Loss_plain: 1.9392 | Test Acc: 69.73%
Step    36 | Loss_aug: 1.9396 | Loss_plain: 1.8972 | Test Acc: 69.65%
Step    38 | Loss_aug: 1.9045 | Loss_plain: 1.9044 | Test Acc: 69.96%
Step    40 | Loss_aug: 1.8530 | Loss_plain: 1.8773 | Test Acc: 71.54%
Step    42 | Loss_aug: 1.8335 | Loss_plain: 1.8429 | Test Acc: 73.95%
Step    44 | Loss_aug: 1.8041 | Loss_plain: 1.7673 | Test Acc: 75.59%
Step    46 | Loss_aug: 1.7455 | Loss_plain: 1.7313 | Test Acc: 76.64%
Step    48 | Loss_aug: 1.7152 | Loss_plain: 1.7133 | Test Acc: 77.12%
Step    50 | Loss_aug: 1.6847 | Loss_plain: 1.6429 | Test Acc: 77.53%
Step    52 | Loss_aug: 1.6663 | Loss_plain: 1.5997 | Test Acc: 77.80%
Step    54 | Loss_aug: 1.5773 | Loss_plain: 1.5681 | Test Acc: 77.17%
Step    56 | Loss_aug: 1.5440 | Loss_plain: 1.5248 | Test Acc: 77.00%
Step    58 | Loss_aug: 1.5143 | Loss_plain: 1.4601 | Test Acc: 77.39%
Step    60 | Loss_aug: 1.4487 | Loss_plain: 1.3975 | Test Acc: 77.59%
Step    62 | Loss_aug: 1.4549 | Loss_plain: 1.4220 | Test Acc: 77.97%
Step    64 | Loss_aug: 1.3858 | Loss_plain: 1.3811 | Test Acc: 78.84%
Step    66 | Loss_aug: 1.3197 | Loss_plain: 1.2983 | Test Acc: 79.20%
Step    68 | Loss_aug: 1.3465 | Loss_plain: 1.2932 | Test Acc: 79.65%
Step    70 | Loss_aug: 1.2728 | Loss_plain: 1.1837 | Test Acc: 80.42%
Step    72 | Loss_aug: 1.1955 | Loss_plain: 1.1648 | Test Acc: 80.66%
Step    74 | Loss_aug: 1.1565 | Loss_plain: 1.1469 | Test Acc: 80.97%
Step    76 | Loss_aug: 1.1039 | Loss_plain: 1.0761 | Test Acc: 80.76%
Step    78 | Loss_aug: 1.0984 | Loss_plain: 1.1133 | Test Acc: 80.65%
Step    80 | Loss_aug: 1.0812 | Loss_plain: 1.0597 | Test Acc: 80.77%
Step    82 | Loss_aug: 0.9952 | Loss_plain: 0.9850 | Test Acc: 81.11%
Step    84 | Loss_aug: 0.9985 | Loss_plain: 0.9899 | Test Acc: 81.87%
Step    86 | Loss_aug: 0.9550 | Loss_plain: 0.9588 | Test Acc: 82.54%
Step    88 | Loss_aug: 0.9520 | Loss_plain: 0.9047 | Test Acc: 83.06%
Step    90 | Loss_aug: 0.9209 | Loss_plain: 0.8087 | Test Acc: 83.13%
Step    92 | Loss_aug: 0.8880 | Loss_plain: 0.8413 | Test Acc: 83.00%
Step    94 | Loss_aug: 0.8926 | Loss_plain: 0.8246 | Test Acc: 83.20%
Step    96 | Loss_aug: 0.8706 | Loss_plain: 0.8428 | Test Acc: 83.75%
Step    98 | Loss_aug: 0.7756 | Loss_plain: 0.8014 | Test Acc: 83.98%
Step   100 | Loss_aug: 0.7693 | Loss_plain: 0.7067 | Test Acc: 84.00%
Step   102 | Loss_aug: 0.7389 | Loss_plain: 0.7922 | Test Acc: 84.00%
Step   104 | Loss_aug: 0.7756 | Loss_plain: 0.7301 | Test Acc: 83.97%
Step   106 | Loss_aug: 0.6873 | Loss_plain: 0.6519 | Test Acc: 84.23%
Step   108 | Loss_aug: 0.6935 | Loss_plain: 0.6719 | Test Acc: 84.39%
Step   110 | Loss_aug: 0.6824 | Loss_plain: 0.7274 | Test Acc: 84.77%
Step   112 | Loss_aug: 0.6651 | Loss_plain: 0.6269 | Test Acc: 85.40%
Step   114 | Loss_aug: 0.6916 | Loss_plain: 0.5596 | Test Acc: 85.63%
Step   116 | Loss_aug: 0.6745 | Loss_plain: 0.6272 | Test Acc: 85.83%
Step   118 | Loss_aug: 0.5859 | Loss_plain: 0.6005 | Test Acc: 85.83%
Step   120 | Loss_aug: 0.7064 | Loss_plain: 0.5848 | Test Acc: 85.78%
Step   122 | Loss_aug: 0.6311 | Loss_plain: 0.6114 | Test Acc: 85.97%
Step   124 | Loss_aug: 0.5813 | Loss_plain: 0.6260 | Test Acc: 86.31%
Step   126 | Loss_aug: 0.6030 | Loss_plain: 0.5385 | Test Acc: 86.51%
Step   128 | Loss_aug: 0.5820 | Loss_plain: 0.5994 | Test Acc: 86.78%
Step   130 | Loss_aug: 0.5914 | Loss_plain: 0.5490 | Test Acc: 87.03%
Step   132 | Loss_aug: 0.5766 | Loss_plain: 0.5526 | Test Acc: 87.13%
Step   134 | Loss_aug: 0.5437 | Loss_plain: 0.4853 | Test Acc: 87.11%
Step   136 | Loss_aug: 0.4898 | Loss_plain: 0.5079 | Test Acc: 86.56%
Step   138 | Loss_aug: 0.5207 | Loss_plain: 0.5519 | Test Acc: 86.74%
Step   140 | Loss_aug: 0.5664 | Loss_plain: 0.5267 | Test Acc: 87.17%
Step   142 | Loss_aug: 0.4940 | Loss_plain: 0.5202 | Test Acc: 87.81%
Step   144 | Loss_aug: 0.4793 | Loss_plain: 0.5136 | Test Acc: 88.03%
Step   146 | Loss_aug: 0.5185 | Loss_plain: 0.5449 | Test Acc: 88.13%
Step   148 | Loss_aug: 0.5358 | Loss_plain: 0.4617 | Test Acc: 88.28%
Step   150 | Loss_aug: 0.5246 | Loss_plain: 0.4932 | Test Acc: 88.38%
Step   152 | Loss_aug: 0.4939 | Loss_plain: 0.4121 | Test Acc: 88.28%
Step   154 | Loss_aug: 0.4533 | Loss_plain: 0.4790 | Test Acc: 87.96%
Step   156 | Loss_aug: 0.4666 | Loss_plain: 0.5149 | Test Acc: 88.37%
Step   158 | Loss_aug: 0.4620 | Loss_plain: 0.3804 | Test Acc: 88.47%
Step   160 | Loss_aug: 0.4591 | Loss_plain: 0.3988 | Test Acc: 88.59%
Step   162 | Loss_aug: 0.5202 | Loss_plain: 0.5556 | Test Acc: 88.63%
Step   164 | Loss_aug: 0.3868 | Loss_plain: 0.4507 | Test Acc: 88.64%
Step   166 | Loss_aug: 0.4751 | Loss_plain: 0.4718 | Test Acc: 88.81%
Step   168 | Loss_aug: 0.5044 | Loss_plain: 0.5961 | Test Acc: 89.01%
Step   170 | Loss_aug: 0.4739 | Loss_plain: 0.5221 | Test Acc: 88.68%
Step   172 | Loss_aug: 0.4863 | Loss_plain: 0.5114 | Test Acc: 88.58%
Step   174 | Loss_aug: 0.4685 | Loss_plain: 0.4379 | Test Acc: 88.83%
Step   176 | Loss_aug: 0.4350 | Loss_plain: 0.4609 | Test Acc: 89.02%
Step   178 | Loss_aug: 0.4237 | Loss_plain: 0.3812 | Test Acc: 89.03%
Step   180 | Loss_aug: 0.3878 | Loss_plain: 0.4381 | Test Acc: 88.95%
Step   182 | Loss_aug: 0.4242 | Loss_plain: 0.4172 | Test Acc: 89.36%
Step   184 | Loss_aug: 0.3929 | Loss_plain: 0.4160 | Test Acc: 89.52%
Step   186 | Loss_aug: 0.3959 | Loss_plain: 0.4691 | Test Acc: 89.64%
Step   188 | Loss_aug: 0.4111 | Loss_plain: 0.4501 | Test Acc: 89.62%
Step   190 | Loss_aug: 0.3997 | Loss_plain: 0.4323 | Test Acc: 89.60%
Step   192 | Loss_aug: 0.4481 | Loss_plain: 0.3904 | Test Acc: 89.53%
Step   194 | Loss_aug: 0.4026 | Loss_plain: 0.4289 | Test Acc: 89.38%
Step   196 | Loss_aug: 0.3993 | Loss_plain: 0.4295 | Test Acc: 89.53%
Step   198 | Loss_aug: 0.4947 | Loss_plain: 0.5707 | Test Acc: 89.78%
Step   200 | Loss_aug: 0.4216 | Loss_plain: 0.3876 | Test Acc: 89.95%
Step   202 | Loss_aug: 0.4149 | Loss_plain: 0.4068 | Test Acc: 90.00%
Step   204 | Loss_aug: 0.3801 | Loss_plain: 0.3242 | Test Acc: 89.92%
Step   206 | Loss_aug: 0.4764 | Loss_plain: 0.3659 | Test Acc: 89.96%
Step   208 | Loss_aug: 0.3836 | Loss_plain: 0.4515 | Test Acc: 89.86%
Step   210 | Loss_aug: 0.3769 | Loss_plain: 0.4112 | Test Acc: 89.78%
Step   212 | Loss_aug: 0.4248 | Loss_plain: 0.4627 | Test Acc: 89.84%
Step   214 | Loss_aug: 0.3753 | Loss_plain: 0.3588 | Test Acc: 89.98%
Step   216 | Loss_aug: 0.3786 | Loss_plain: 0.3600 | Test Acc: 90.08%
Step   218 | Loss_aug: 0.3950 | Loss_plain: 0.3997 | Test Acc: 90.31%
Step   220 | Loss_aug: 0.3758 | Loss_plain: 0.4129 | Test Acc: 90.34%
Step   222 | Loss_aug: 0.3563 | Loss_plain: 0.3172 | Test Acc: 90.38%
Step   224 | Loss_aug: 0.3640 | Loss_plain: 0.3466 | Test Acc: 90.35%
Step   226 | Loss_aug: 0.3842 | Loss_plain: 0.5181 | Test Acc: 90.21%
Step   228 | Loss_aug: 0.3855 | Loss_plain: 0.3425 | Test Acc: 90.24%
Step   230 | Loss_aug: 0.4010 | Loss_plain: 0.4419 | Test Acc: 90.25%
Step   232 | Loss_aug: 0.3825 | Loss_plain: 0.4050 | Test Acc: 90.33%
Step   234 | Loss_aug: 0.3868 | Loss_plain: 0.3716 | Test Acc: 90.22%
Step   236 | Loss_aug: 0.4002 | Loss_plain: 0.4759 | Test Acc: 90.29%
Step   238 | Loss_aug: 0.3786 | Loss_plain: 0.3700 | Test Acc: 90.26%
Step   240 | Loss_aug: 0.3670 | Loss_plain: 0.3762 | Test Acc: 90.31%
Step   242 | Loss_aug: 0.4059 | Loss_plain: 0.3811 | Test Acc: 90.49%
Step   244 | Loss_aug: 0.3613 | Loss_plain: 0.4197 | Test Acc: 90.61%
Step   246 | Loss_aug: 0.4076 | Loss_plain: 0.3428 | Test Acc: 90.76%
Step   248 | Loss_aug: 0.3327 | Loss_plain: 0.3028 | Test Acc: 90.70%
Step   250 | Loss_aug: 0.3625 | Loss_plain: 0.3667 | Test Acc: 90.58%
Step   252 | Loss_aug: 0.3562 | Loss_plain: 0.3960 | Test Acc: 90.67%
Step   254 | Loss_aug: 0.3720 | Loss_plain: 0.3309 | Test Acc: 90.59%
Step   256 | Loss_aug: 0.3451 | Loss_plain: 0.3579 | Test Acc: 90.47%
Step   258 | Loss_aug: 0.3574 | Loss_plain: 0.3939 | Test Acc: 90.46%
Step   260 | Loss_aug: 0.3269 | Loss_plain: 0.4037 | Test Acc: 90.61%
Step   262 | Loss_aug: 0.3357 | Loss_plain: 0.2614 | Test Acc: 90.68%
Step   264 | Loss_aug: 0.3320 | Loss_plain: 0.4094 | Test Acc: 90.87%
Step   266 | Loss_aug: 0.3832 | Loss_plain: 0.3193 | Test Acc: 91.01%
Step   268 | Loss_aug: 0.3715 | Loss_plain: 0.3469 | Test Acc: 91.00%
Step   270 | Loss_aug: 0.2948 | Loss_plain: 0.2759 | Test Acc: 91.09%
Step   272 | Loss_aug: 0.3458 | Loss_plain: 0.4125 | Test Acc: 91.06%
Step   274 | Loss_aug: 0.2842 | Loss_plain: 0.2298 | Test Acc: 90.91%
Step   276 | Loss_aug: 0.2850 | Loss_plain: 0.3931 | Test Acc: 90.79%
Step   278 | Loss_aug: 0.3241 | Loss_plain: 0.2958 | Test Acc: 90.62%
Step   280 | Loss_aug: 0.3601 | Loss_plain: 0.3254 | Test Acc: 90.75%
Step   282 | Loss_aug: 0.3351 | Loss_plain: 0.4084 | Test Acc: 90.83%
Step   284 | Loss_aug: 0.3696 | Loss_plain: 0.3188 | Test Acc: 90.97%
Step   286 | Loss_aug: 0.3045 | Loss_plain: 0.3181 | Test Acc: 91.19%
Step   288 | Loss_aug: 0.3818 | Loss_plain: 0.4473 | Test Acc: 91.14%
Step   290 | Loss_aug: 0.3407 | Loss_plain: 0.3098 | Test Acc: 91.06%
Step   292 | Loss_aug: 0.3455 | Loss_plain: 0.4182 | Test Acc: 91.06%
Step   294 | Loss_aug: 0.3215 | Loss_plain: 0.2884 | Test Acc: 91.16%
Step   296 | Loss_aug: 0.2988 | Loss_plain: 0.3066 | Test Acc: 91.17%
Step   298 | Loss_aug: 0.2816 | Loss_plain: 0.3028 | Test Acc: 91.13%
Step   300 | Loss_aug: 0.2509 | Loss_plain: 0.3278 | Test Acc: 91.20%
Step   302 | Loss_aug: 0.3588 | Loss_plain: 0.3292 | Test Acc: 91.22%
Step   304 | Loss_aug: 0.3360 | Loss_plain: 0.3856 | Test Acc: 91.41%
Step   306 | Loss_aug: 0.2799 | Loss_plain: 0.2884 | Test Acc: 91.30%
Step   308 | Loss_aug: 0.3345 | Loss_plain: 0.2620 | Test Acc: 91.19%
Step   310 | Loss_aug: 0.2768 | Loss_plain: 0.2971 | Test Acc: 91.28%
Step   312 | Loss_aug: 0.3209 | Loss_plain: 0.2882 | Test Acc: 91.38%
Step   314 | Loss_aug: 0.3519 | Loss_plain: 0.3208 | Test Acc: 91.27%
Step   316 | Loss_aug: 0.3167 | Loss_plain: 0.2862 | Test Acc: 91.35%
Step   318 | Loss_aug: 0.3389 | Loss_plain: 0.3102 | Test Acc: 91.47%
Step   320 | Loss_aug: 0.2961 | Loss_plain: 0.3023 | Test Acc: 91.54%
Step   322 | Loss_aug: 0.3071 | Loss_plain: 0.3455 | Test Acc: 91.51%
Step   324 | Loss_aug: 0.3038 | Loss_plain: 0.3485 | Test Acc: 91.61%
Step   326 | Loss_aug: 0.3445 | Loss_plain: 0.3054 | Test Acc: 91.70%
Step   328 | Loss_aug: 0.3462 | Loss_plain: 0.3384 | Test Acc: 91.77%
Step   330 | Loss_aug: 0.3076 | Loss_plain: 0.3400 | Test Acc: 91.63%
Step   332 | Loss_aug: 0.3348 | Loss_plain: 0.3369 | Test Acc: 91.60%
Step   334 | Loss_aug: 0.2894 | Loss_plain: 0.2260 | Test Acc: 91.42%
Step   336 | Loss_aug: 0.3109 | Loss_plain: 0.2854 | Test Acc: 91.49%
Step   338 | Loss_aug: 0.3813 | Loss_plain: 0.4008 | Test Acc: 91.60%
Step   340 | Loss_aug: 0.2586 | Loss_plain: 0.2300 | Test Acc: 91.76%
Step   342 | Loss_aug: 0.3289 | Loss_plain: 0.3038 | Test Acc: 91.71%
Step   344 | Loss_aug: 0.3303 | Loss_plain: 0.2993 | Test Acc: 91.91%
Step   346 | Loss_aug: 0.2924 | Loss_plain: 0.2833 | Test Acc: 91.79%
Step   348 | Loss_aug: 0.2577 | Loss_plain: 0.2460 | Test Acc: 91.85%
Step   350 | Loss_aug: 0.3140 | Loss_plain: 0.2127 | Test Acc: 91.92%
Step   352 | Loss_aug: 0.2769 | Loss_plain: 0.3308 | Test Acc: 91.89%
Step   354 | Loss_aug: 0.2814 | Loss_plain: 0.3334 | Test Acc: 91.85%
Step   356 | Loss_aug: 0.2631 | Loss_plain: 0.4325 | Test Acc: 91.81%
Step   358 | Loss_aug: 0.3082 | Loss_plain: 0.3799 | Test Acc: 91.98%
Step   360 | Loss_aug: 0.2902 | Loss_plain: 0.3191 | Test Acc: 91.98%
Step   362 | Loss_aug: 0.3184 | Loss_plain: 0.3013 | Test Acc: 91.83%
Step   364 | Loss_aug: 0.3344 | Loss_plain: 0.3719 | Test Acc: 91.80%
Step   366 | Loss_aug: 0.2956 | Loss_plain: 0.3405 | Test Acc: 91.85%
Step   368 | Loss_aug: 0.3246 | Loss_plain: 0.2453 | Test Acc: 91.96%
Step   370 | Loss_aug: 0.2788 | Loss_plain: 0.2890 | Test Acc: 92.17%
Step   372 | Loss_aug: 0.2934 | Loss_plain: 0.2939 | Test Acc: 92.14%
Step   374 | Loss_aug: 0.3034 | Loss_plain: 0.2953 | Test Acc: 92.23%
Step   376 | Loss_aug: 0.3089 | Loss_plain: 0.2605 | Test Acc: 92.14%
Step   378 | Loss_aug: 0.3203 | Loss_plain: 0.2987 | Test Acc: 92.13%
Step   380 | Loss_aug: 0.3620 | Loss_plain: 0.3324 | Test Acc: 92.27%
Step   382 | Loss_aug: 0.3188 | Loss_plain: 0.3667 | Test Acc: 92.04%
Step   384 | Loss_aug: 0.2691 | Loss_plain: 0.2206 | Test Acc: 91.86%
Step   386 | Loss_aug: 0.3677 | Loss_plain: 0.2860 | Test Acc: 92.05%
Step   388 | Loss_aug: 0.2963 | Loss_plain: 0.2662 | Test Acc: 92.09%
Step   390 | Loss_aug: 0.2848 | Loss_plain: 0.2249 | Test Acc: 92.23%
Step   392 | Loss_aug: 0.3178 | Loss_plain: 0.3118 | Test Acc: 92.42%
Step   394 | Loss_aug: 0.3088 | Loss_plain: 0.3335 | Test Acc: 92.41%
Step   396 | Loss_aug: 0.2701 | Loss_plain: 0.2023 | Test Acc: 92.42%
Step   398 | Loss_aug: 0.2787 | Loss_plain: 0.3265 | Test Acc: 92.34%
Step   400 | Loss_aug: 0.3472 | Loss_plain: 0.2649 | Test Acc: 92.42%
Step   402 | Loss_aug: 0.3200 | Loss_plain: 0.2908 | Test Acc: 92.47%
Step   404 | Loss_aug: 0.3244 | Loss_plain: 0.2373 | Test Acc: 92.44%
Step   406 | Loss_aug: 0.2593 | Loss_plain: 0.2810 | Test Acc: 92.41%
Step   408 | Loss_aug: 0.3033 | Loss_plain: 0.2636 | Test Acc: 92.43%
Step   410 | Loss_aug: 0.2881 | Loss_plain: 0.2546 | Test Acc: 92.58%
Step   412 | Loss_aug: 0.2814 | Loss_plain: 0.2887 | Test Acc: 92.53%
Step   414 | Loss_aug: 0.3085 | Loss_plain: 0.2701 | Test Acc: 92.45%
Step   416 | Loss_aug: 0.2363 | Loss_plain: 0.2622 | Test Acc: 92.40%
Step   418 | Loss_aug: 0.2520 | Loss_plain: 0.2548 | Test Acc: 92.42%
Step   420 | Loss_aug: 0.2509 | Loss_plain: 0.2727 | Test Acc: 92.52%
Step   422 | Loss_aug: 0.2770 | Loss_plain: 0.2486 | Test Acc: 92.58%
Step   424 | Loss_aug: 0.2747 | Loss_plain: 0.2134 | Test Acc: 92.62%
Step   426 | Loss_aug: 0.2377 | Loss_plain: 0.3007 | Test Acc: 92.55%
Step   428 | Loss_aug: 0.2399 | Loss_plain: 0.3437 | Test Acc: 92.64%
Step   430 | Loss_aug: 0.2483 | Loss_plain: 0.2038 | Test Acc: 92.67%
Step   432 | Loss_aug: 0.2662 | Loss_plain: 0.2367 | Test Acc: 92.51%
Step   434 | Loss_aug: 0.2219 | Loss_plain: 0.3024 | Test Acc: 92.46%
Step   436 | Loss_aug: 0.2383 | Loss_plain: 0.2871 | Test Acc: 92.50%
Step   438 | Loss_aug: 0.2677 | Loss_plain: 0.2019 | Test Acc: 92.45%
Step   440 | Loss_aug: 0.3006 | Loss_plain: 0.2937 | Test Acc: 92.46%
Step   442 | Loss_aug: 0.2595 | Loss_plain: 0.2854 | Test Acc: 92.72%
Step   444 | Loss_aug: 0.2418 | Loss_plain: 0.2589 | Test Acc: 92.72%
Step   446 | Loss_aug: 0.2638 | Loss_plain: 0.2223 | Test Acc: 92.52%
Step   448 | Loss_aug: 0.2472 | Loss_plain: 0.2659 | Test Acc: 92.60%
Step   450 | Loss_aug: 0.3064 | Loss_plain: 0.2790 | Test Acc: 92.64%
Step   452 | Loss_aug: 0.3326 | Loss_plain: 0.2927 | Test Acc: 92.79%
Step   454 | Loss_aug: 0.2220 | Loss_plain: 0.2972 | Test Acc: 92.69%
Step   456 | Loss_aug: 0.2000 | Loss_plain: 0.2306 | Test Acc: 92.68%
Step   458 | Loss_aug: 0.2533 | Loss_plain: 0.2715 | Test Acc: 92.58%
Step   460 | Loss_aug: 0.2843 | Loss_plain: 0.2441 | Test Acc: 92.60%
Step   462 | Loss_aug: 0.3126 | Loss_plain: 0.2657 | Test Acc: 92.79%
Step   464 | Loss_aug: 0.2574 | Loss_plain: 0.2296 | Test Acc: 92.75%
Step   466 | Loss_aug: 0.2478 | Loss_plain: 0.1578 | Test Acc: 92.70%
Step   468 | Loss_aug: 0.2529 | Loss_plain: 0.2952 | Test Acc: 92.76%
Step   470 | Loss_aug: 0.2009 | Loss_plain: 0.2469 | Test Acc: 92.57%

Epoch 2
Step   472 | Loss_aug: 0.2426 | Loss_plain: 0.2359 | Test Acc: 92.54%
Step   474 | Loss_aug: 0.2718 | Loss_plain: 0.3109 | Test Acc: 92.69%
Step   476 | Loss_aug: 0.2807 | Loss_plain: 0.2510 | Test Acc: 92.92%
Step   478 | Loss_aug: 0.2429 | Loss_plain: 0.2009 | Test Acc: 92.99%
Step   480 | Loss_aug: 0.2688 | Loss_plain: 0.2900 | Test Acc: 92.93%
Step   482 | Loss_aug: 0.2635 | Loss_plain: 0.1944 | Test Acc: 92.73%
Step   484 | Loss_aug: 0.2646 | Loss_plain: 0.3721 | Test Acc: 92.64%
Step   486 | Loss_aug: 0.2307 | Loss_plain: 0.2920 | Test Acc: 92.64%
Step   488 | Loss_aug: 0.2698 | Loss_plain: 0.2246 | Test Acc: 92.81%
Step   490 | Loss_aug: 0.2582 | Loss_plain: 0.3045 | Test Acc: 92.94%
Step   492 | Loss_aug: 0.2646 | Loss_plain: 0.2479 | Test Acc: 93.02%
Step   494 | Loss_aug: 0.2839 | Loss_plain: 0.2342 | Test Acc: 92.87%
Step   496 | Loss_aug: 0.2621 | Loss_plain: 0.1994 | Test Acc: 92.89%
Step   498 | Loss_aug: 0.2277 | Loss_plain: 0.2759 | Test Acc: 92.78%
Step   500 | Loss_aug: 0.2282 | Loss_plain: 0.2909 | Test Acc: 92.95%
Step   502 | Loss_aug: 0.2279 | Loss_plain: 0.2241 | Test Acc: 92.94%
Step   504 | Loss_aug: 0.2989 | Loss_plain: 0.3564 | Test Acc: 93.07%
Step   506 | Loss_aug: 0.2545 | Loss_plain: 0.2195 | Test Acc: 93.14%
Step   508 | Loss_aug: 0.2094 | Loss_plain: 0.1952 | Test Acc: 93.14%
Step   510 | Loss_aug: 0.2461 | Loss_plain: 0.2025 | Test Acc: 93.17%
Step   512 | Loss_aug: 0.2589 | Loss_plain: 0.2218 | Test Acc: 93.01%
Step   514 | Loss_aug: 0.2547 | Loss_plain: 0.2554 | Test Acc: 92.99%
Step   516 | Loss_aug: 0.2468 | Loss_plain: 0.2322 | Test Acc: 93.01%
Step   518 | Loss_aug: 0.2086 | Loss_plain: 0.2031 | Test Acc: 93.19%
Step   520 | Loss_aug: 0.2168 | Loss_plain: 0.3247 | Test Acc: 93.17%
Step   522 | Loss_aug: 0.2334 | Loss_plain: 0.2381 | Test Acc: 93.21%
Step   524 | Loss_aug: 0.2088 | Loss_plain: 0.2174 | Test Acc: 93.18%
Step   526 | Loss_aug: 0.2009 | Loss_plain: 0.2480 | Test Acc: 93.21%
Step   528 | Loss_aug: 0.2805 | Loss_plain: 0.1815 | Test Acc: 93.16%
Step   530 | Loss_aug: 0.2579 | Loss_plain: 0.2254 | Test Acc: 93.27%
Step   532 | Loss_aug: 0.2983 | Loss_plain: 0.3286 | Test Acc: 93.27%
Step   534 | Loss_aug: 0.1918 | Loss_plain: 0.1910 | Test Acc: 93.15%
Step   536 | Loss_aug: 0.2227 | Loss_plain: 0.3146 | Test Acc: 93.27%
Step   538 | Loss_aug: 0.2156 | Loss_plain: 0.2271 | Test Acc: 93.39%
Step   540 | Loss_aug: 0.2830 | Loss_plain: 0.2984 | Test Acc: 93.50%
Step   542 | Loss_aug: 0.2436 | Loss_plain: 0.3774 | Test Acc: 93.44%
Step   544 | Loss_aug: 0.2625 | Loss_plain: 0.2723 | Test Acc: 93.44%
Step   546 | Loss_aug: 0.2542 | Loss_plain: 0.2726 | Test Acc: 93.58%
Step   548 | Loss_aug: 0.2853 | Loss_plain: 0.2400 | Test Acc: 93.65%
Step   550 | Loss_aug: 0.2324 | Loss_plain: 0.3155 | Test Acc: 93.45%
Step   552 | Loss_aug: 0.2349 | Loss_plain: 0.2526 | Test Acc: 93.39%
Step   554 | Loss_aug: 0.2829 | Loss_plain: 0.2647 | Test Acc: 93.45%
Step   556 | Loss_aug: 0.3126 | Loss_plain: 0.2279 | Test Acc: 93.52%
Step   558 | Loss_aug: 0.2599 | Loss_plain: 0.1985 | Test Acc: 93.51%
Step   560 | Loss_aug: 0.2711 | Loss_plain: 0.2666 | Test Acc: 93.46%
Step   562 | Loss_aug: 0.2353 | Loss_plain: 0.2106 | Test Acc: 93.54%
Step   564 | Loss_aug: 0.2022 | Loss_plain: 0.2197 | Test Acc: 93.57%
Step   566 | Loss_aug: 0.2413 | Loss_plain: 0.1884 | Test Acc: 93.52%
Step   568 | Loss_aug: 0.2463 | Loss_plain: 0.1883 | Test Acc: 93.46%
Step   570 | Loss_aug: 0.2365 | Loss_plain: 0.2491 | Test Acc: 93.65%
Step   572 | Loss_aug: 0.2335 | Loss_plain: 0.2274 | Test Acc: 93.75%
Step   574 | Loss_aug: 0.2668 | Loss_plain: 0.3343 | Test Acc: 93.81%
Step   576 | Loss_aug: 0.2538 | Loss_plain: 0.2459 | Test Acc: 93.76%
Step   578 | Loss_aug: 0.2114 | Loss_plain: 0.3397 | Test Acc: 93.70%
Step   580 | Loss_aug: 0.2186 | Loss_plain: 0.2708 | Test Acc: 93.74%
Step   582 | Loss_aug: 0.2095 | Loss_plain: 0.2177 | Test Acc: 93.85%
Step   584 | Loss_aug: 0.1669 | Loss_plain: 0.2384 | Test Acc: 93.70%
Step   586 | Loss_aug: 0.2335 | Loss_plain: 0.2394 | Test Acc: 93.64%
Step   588 | Loss_aug: 0.2165 | Loss_plain: 0.2173 | Test Acc: 93.58%
Step   590 | Loss_aug: 0.2061 | Loss_plain: 0.2362 | Test Acc: 93.62%
Step   592 | Loss_aug: 0.2847 | Loss_plain: 0.2460 | Test Acc: 93.75%
Step   594 | Loss_aug: 0.2340 | Loss_plain: 0.2124 | Test Acc: 93.74%
Step   596 | Loss_aug: 0.2185 | Loss_plain: 0.1675 | Test Acc: 93.73%
Step   598 | Loss_aug: 0.1984 | Loss_plain: 0.2269 | Test Acc: 93.74%
Step   600 | Loss_aug: 0.2096 | Loss_plain: 0.2641 | Test Acc: 93.70%
Step   602 | Loss_aug: 0.1941 | Loss_plain: 0.2576 | Test Acc: 93.71%
Step   604 | Loss_aug: 0.1983 | Loss_plain: 0.1771 | Test Acc: 93.78%
Step   606 | Loss_aug: 0.3117 | Loss_plain: 0.2147 | Test Acc: 93.78%
Step   608 | Loss_aug: 0.2293 | Loss_plain: 0.2249 | Test Acc: 93.77%
Step   610 | Loss_aug: 0.2552 | Loss_plain: 0.2166 | Test Acc: 93.68%
Step   612 | Loss_aug: 0.2131 | Loss_plain: 0.1853 | Test Acc: 93.72%
Step   614 | Loss_aug: 0.1794 | Loss_plain: 0.2381 | Test Acc: 93.91%
Step   616 | Loss_aug: 0.2417 | Loss_plain: 0.2563 | Test Acc: 93.87%
Step   618 | Loss_aug: 0.1830 | Loss_plain: 0.2212 | Test Acc: 93.82%
Step   620 | Loss_aug: 0.1878 | Loss_plain: 0.2249 | Test Acc: 93.85%
Step   622 | Loss_aug: 0.2389 | Loss_plain: 0.1841 | Test Acc: 93.96%
Step   624 | Loss_aug: 0.2241 | Loss_plain: 0.1772 | Test Acc: 94.05%
Step   626 | Loss_aug: 0.2894 | Loss_plain: 0.2054 | Test Acc: 94.11%
Step   628 | Loss_aug: 0.2288 | Loss_plain: 0.1856 | Test Acc: 94.12%
Step   630 | Loss_aug: 0.2121 | Loss_plain: 0.1968 | Test Acc: 94.10%
Step   632 | Loss_aug: 0.1894 | Loss_plain: 0.2288 | Test Acc: 94.02%
Step   634 | Loss_aug: 0.2231 | Loss_plain: 0.2273 | Test Acc: 94.13%
Step   636 | Loss_aug: 0.2779 | Loss_plain: 0.2475 | Test Acc: 94.09%
Step   638 | Loss_aug: 0.2446 | Loss_plain: 0.1648 | Test Acc: 93.95%
Step   640 | Loss_aug: 0.1911 | Loss_plain: 0.1553 | Test Acc: 93.90%
Step   642 | Loss_aug: 0.2313 | Loss_plain: 0.2239 | Test Acc: 93.99%
Step   644 | Loss_aug: 0.1662 | Loss_plain: 0.1576 | Test Acc: 94.02%
Step   646 | Loss_aug: 0.2187 | Loss_plain: 0.1762 | Test Acc: 94.01%
Step   648 | Loss_aug: 0.1635 | Loss_plain: 0.2134 | Test Acc: 94.09%
Step   650 | Loss_aug: 0.1982 | Loss_plain: 0.3339 | Test Acc: 94.07%
Step   652 | Loss_aug: 0.1840 | Loss_plain: 0.2189 | Test Acc: 94.10%
Step   654 | Loss_aug: 0.1866 | Loss_plain: 0.2169 | Test Acc: 94.15%
Step   656 | Loss_aug: 0.2126 | Loss_plain: 0.1642 | Test Acc: 94.08%
Step   658 | Loss_aug: 0.2367 | Loss_plain: 0.1691 | Test Acc: 94.15%
Step   660 | Loss_aug: 0.1823 | Loss_plain: 0.2419 | Test Acc: 94.26%
Step   662 | Loss_aug: 0.2064 | Loss_plain: 0.2439 | Test Acc: 94.24%
Step   664 | Loss_aug: 0.1862 | Loss_plain: 0.1922 | Test Acc: 94.21%
Step   666 | Loss_aug: 0.2039 | Loss_plain: 0.1564 | Test Acc: 94.20%
Step   668 | Loss_aug: 0.2519 | Loss_plain: 0.1808 | Test Acc: 94.30%
Step   670 | Loss_aug: 0.2128 | Loss_plain: 0.2647 | Test Acc: 94.19%
Step   672 | Loss_aug: 0.1899 | Loss_plain: 0.1875 | Test Acc: 94.24%
Step   674 | Loss_aug: 0.1725 | Loss_plain: 0.1531 | Test Acc: 94.34%
Step   676 | Loss_aug: 0.2155 | Loss_plain: 0.2209 | Test Acc: 94.39%
Step   678 | Loss_aug: 0.2165 | Loss_plain: 0.2396 | Test Acc: 94.39%
Step   680 | Loss_aug: 0.2133 | Loss_plain: 0.2462 | Test Acc: 94.43%
Step   682 | Loss_aug: 0.2440 | Loss_plain: 0.1615 | Test Acc: 94.41%
Step   684 | Loss_aug: 0.1703 | Loss_plain: 0.1744 | Test Acc: 94.50%
Step   686 | Loss_aug: 0.2153 | Loss_plain: 0.1936 | Test Acc: 94.44%
Step   688 | Loss_aug: 0.2111 | Loss_plain: 0.1994 | Test Acc: 94.48%
Step   690 | Loss_aug: 0.2668 | Loss_plain: 0.2107 | Test Acc: 94.50%
Step   692 | Loss_aug: 0.1634 | Loss_plain: 0.2805 | Test Acc: 94.38%
Step   694 | Loss_aug: 0.1750 | Loss_plain: 0.2573 | Test Acc: 94.40%
Step   696 | Loss_aug: 0.2095 | Loss_plain: 0.1954 | Test Acc: 94.43%
Step   698 | Loss_aug: 0.2016 | Loss_plain: 0.1307 | Test Acc: 94.46%
Step   700 | Loss_aug: 0.2235 | Loss_plain: 0.1646 | Test Acc: 94.47%
Step   702 | Loss_aug: 0.1620 | Loss_plain: 0.1467 | Test Acc: 94.38%
Step   704 | Loss_aug: 0.1641 | Loss_plain: 0.2414 | Test Acc: 94.42%
Step   706 | Loss_aug: 0.2009 | Loss_plain: 0.2488 | Test Acc: 94.54%
Step   708 | Loss_aug: 0.1657 | Loss_plain: 0.1619 | Test Acc: 94.54%
Step   710 | Loss_aug: 0.1500 | Loss_plain: 0.1719 | Test Acc: 94.57%
Step   712 | Loss_aug: 0.2497 | Loss_plain: 0.2576 | Test Acc: 94.59%
Step   714 | Loss_aug: 0.2279 | Loss_plain: 0.1769 | Test Acc: 94.60%
Step   716 | Loss_aug: 0.2034 | Loss_plain: 0.3294 | Test Acc: 94.64%
Step   718 | Loss_aug: 0.1837 | Loss_plain: 0.2008 | Test Acc: 94.68%
Step   720 | Loss_aug: 0.2344 | Loss_plain: 0.2095 | Test Acc: 94.65%
Step   722 | Loss_aug: 0.1605 | Loss_plain: 0.1710 | Test Acc: 94.61%
Step   724 | Loss_aug: 0.1952 | Loss_plain: 0.1777 | Test Acc: 94.62%
Step   726 | Loss_aug: 0.1442 | Loss_plain: 0.1560 | Test Acc: 94.57%
Step   728 | Loss_aug: 0.2319 | Loss_plain: 0.2326 | Test Acc: 94.60%
Step   730 | Loss_aug: 0.1953 | Loss_plain: 0.1696 | Test Acc: 94.50%
Step   732 | Loss_aug: 0.1550 | Loss_plain: 0.1827 | Test Acc: 94.67%
Step   734 | Loss_aug: 0.1190 | Loss_plain: 0.1994 | Test Acc: 94.56%
Step   736 | Loss_aug: 0.1815 | Loss_plain: 0.1513 | Test Acc: 94.50%
Step   738 | Loss_aug: 0.2201 | Loss_plain: 0.1959 | Test Acc: 94.47%
Step   740 | Loss_aug: 0.2195 | Loss_plain: 0.2147 | Test Acc: 94.61%
Step   742 | Loss_aug: 0.2056 | Loss_plain: 0.1684 | Test Acc: 94.72%
Step   744 | Loss_aug: 0.1721 | Loss_plain: 0.2033 | Test Acc: 94.79%
Step   746 | Loss_aug: 0.1784 | Loss_plain: 0.1991 | Test Acc: 94.83%
Step   748 | Loss_aug: 0.1414 | Loss_plain: 0.2299 | Test Acc: 94.88%
Step   750 | Loss_aug: 0.2264 | Loss_plain: 0.1571 | Test Acc: 94.90%
Step   752 | Loss_aug: 0.1573 | Loss_plain: 0.2331 | Test Acc: 94.94%
Step   754 | Loss_aug: 0.1827 | Loss_plain: 0.1391 | Test Acc: 94.99%
Step   756 | Loss_aug: 0.1509 | Loss_plain: 0.1726 | Test Acc: 94.97%
Step   758 | Loss_aug: 0.1480 | Loss_plain: 0.1790 | Test Acc: 94.92%
Step   760 | Loss_aug: 0.1638 | Loss_plain: 0.2249 | Test Acc: 94.84%
Step   762 | Loss_aug: 0.1511 | Loss_plain: 0.1464 | Test Acc: 94.84%
Step   764 | Loss_aug: 0.1673 | Loss_plain: 0.1888 | Test Acc: 94.85%
Step   766 | Loss_aug: 0.1754 | Loss_plain: 0.1383 | Test Acc: 94.91%
Step   768 | Loss_aug: 0.1811 | Loss_plain: 0.1433 | Test Acc: 94.90%
Step   770 | Loss_aug: 0.1450 | Loss_plain: 0.2016 | Test Acc: 94.82%
Step   772 | Loss_aug: 0.1833 | Loss_plain: 0.1886 | Test Acc: 94.88%
Step   774 | Loss_aug: 0.1827 | Loss_plain: 0.1360 | Test Acc: 94.85%
Step   776 | Loss_aug: 0.1769 | Loss_plain: 0.1591 | Test Acc: 94.89%
Step   778 | Loss_aug: 0.1654 | Loss_plain: 0.1399 | Test Acc: 94.86%
Step   780 | Loss_aug: 0.1891 | Loss_plain: 0.1182 | Test Acc: 94.87%
Step   782 | Loss_aug: 0.2272 | Loss_plain: 0.1181 | Test Acc: 94.91%
Step   784 | Loss_aug: 0.1447 | Loss_plain: 0.1757 | Test Acc: 94.84%
Step   786 | Loss_aug: 0.2091 | Loss_plain: 0.1944 | Test Acc: 94.87%
Step   788 | Loss_aug: 0.1881 | Loss_plain: 0.1512 | Test Acc: 94.81%
Step   790 | Loss_aug: 0.1759 | Loss_plain: 0.2542 | Test Acc: 94.88%
Step   792 | Loss_aug: 0.1905 | Loss_plain: 0.1662 | Test Acc: 95.01%
Step   794 | Loss_aug: 0.1604 | Loss_plain: 0.1442 | Test Acc: 95.03%
Step   796 | Loss_aug: 0.2092 | Loss_plain: 0.1913 | Test Acc: 95.06%
Step   798 | Loss_aug: 0.1327 | Loss_plain: 0.1812 | Test Acc: 95.04%
Step   800 | Loss_aug: 0.1750 | Loss_plain: 0.1310 | Test Acc: 95.09%
Step   802 | Loss_aug: 0.2263 | Loss_plain: 0.2032 | Test Acc: 95.15%
Step   804 | Loss_aug: 0.1608 | Loss_plain: 0.1437 | Test Acc: 94.98%
Step   806 | Loss_aug: 0.2224 | Loss_plain: 0.1689 | Test Acc: 95.07%
Step   808 | Loss_aug: 0.1780 | Loss_plain: 0.1299 | Test Acc: 95.12%
Step   810 | Loss_aug: 0.2124 | Loss_plain: 0.1585 | Test Acc: 95.08%
Step   812 | Loss_aug: 0.1952 | Loss_plain: 0.1886 | Test Acc: 95.14%
Step   814 | Loss_aug: 0.1637 | Loss_plain: 0.1931 | Test Acc: 95.14%
Step   816 | Loss_aug: 0.2276 | Loss_plain: 0.1401 | Test Acc: 95.23%
Step   818 | Loss_aug: 0.1531 | Loss_plain: 0.1503 | Test Acc: 95.20%
Step   820 | Loss_aug: 0.1648 | Loss_plain: 0.1801 | Test Acc: 95.16%
Step   822 | Loss_aug: 0.1757 | Loss_plain: 0.1302 | Test Acc: 95.15%
Step   824 | Loss_aug: 0.1812 | Loss_plain: 0.1698 | Test Acc: 95.15%
Step   826 | Loss_aug: 0.1539 | Loss_plain: 0.1721 | Test Acc: 95.29%
Step   828 | Loss_aug: 0.1735 | Loss_plain: 0.1902 | Test Acc: 95.34%
Step   830 | Loss_aug: 0.1457 | Loss_plain: 0.1958 | Test Acc: 95.28%
Step   832 | Loss_aug: 0.1813 | Loss_plain: 0.2038 | Test Acc: 95.20%
Step   834 | Loss_aug: 0.1683 | Loss_plain: 0.1815 | Test Acc: 95.19%
Step   836 | Loss_aug: 0.1704 | Loss_plain: 0.1549 | Test Acc: 95.21%
Step   838 | Loss_aug: 0.1944 | Loss_plain: 0.1232 | Test Acc: 95.09%
Step   840 | Loss_aug: 0.1528 | Loss_plain: 0.1632 | Test Acc: 95.03%
Step   842 | Loss_aug: 0.1361 | Loss_plain: 0.2110 | Test Acc: 95.14%
Step   844 | Loss_aug: 0.1374 | Loss_plain: 0.2573 | Test Acc: 95.30%
Step   846 | Loss_aug: 0.1576 | Loss_plain: 0.1430 | Test Acc: 95.39%
Step   848 | Loss_aug: 0.1740 | Loss_plain: 0.2040 | Test Acc: 95.44%
Step   850 | Loss_aug: 0.2018 | Loss_plain: 0.1735 | Test Acc: 95.49%
Step   852 | Loss_aug: 0.1439 | Loss_plain: 0.1353 | Test Acc: 95.53%
Step   854 | Loss_aug: 0.1711 | Loss_plain: 0.2299 | Test Acc: 95.57%
Step   856 | Loss_aug: 0.1488 | Loss_plain: 0.1594 | Test Acc: 95.40%
Step   858 | Loss_aug: 0.2118 | Loss_plain: 0.1569 | Test Acc: 95.41%
Step   860 | Loss_aug: 0.1798 | Loss_plain: 0.2020 | Test Acc: 95.37%
Step   862 | Loss_aug: 0.1378 | Loss_plain: 0.2081 | Test Acc: 95.43%
Step   864 | Loss_aug: 0.1659 | Loss_plain: 0.1701 | Test Acc: 95.35%
Step   866 | Loss_aug: 0.1914 | Loss_plain: 0.1156 | Test Acc: 95.38%
Step   868 | Loss_aug: 0.1899 | Loss_plain: 0.1493 | Test Acc: 95.40%
Step   870 | Loss_aug: 0.1502 | Loss_plain: 0.1900 | Test Acc: 95.43%
Step   872 | Loss_aug: 0.1910 | Loss_plain: 0.1778 | Test Acc: 95.43%
Step   874 | Loss_aug: 0.1102 | Loss_plain: 0.1803 | Test Acc: 95.54%
Step   876 | Loss_aug: 0.1182 | Loss_plain: 0.1008 | Test Acc: 95.53%
Step   878 | Loss_aug: 0.1964 | Loss_plain: 0.1927 | Test Acc: 95.55%
Step   880 | Loss_aug: 0.1619 | Loss_plain: 0.1505 | Test Acc: 95.60%
Step   882 | Loss_aug: 0.2429 | Loss_plain: 0.2633 | Test Acc: 95.62%
Step   884 | Loss_aug: 0.1607 | Loss_plain: 0.1229 | Test Acc: 95.58%
Step   886 | Loss_aug: 0.1592 | Loss_plain: 0.1343 | Test Acc: 95.53%
Step   888 | Loss_aug: 0.1793 | Loss_plain: 0.1283 | Test Acc: 95.52%
Step   890 | Loss_aug: 0.2293 | Loss_plain: 0.1546 | Test Acc: 95.62%
Step   892 | Loss_aug: 0.1453 | Loss_plain: 0.1470 | Test Acc: 95.68%
Step   894 | Loss_aug: 0.1668 | Loss_plain: 0.1184 | Test Acc: 95.72%
Step   896 | Loss_aug: 0.2035 | Loss_plain: 0.1485 | Test Acc: 95.69%
Step   898 | Loss_aug: 0.1762 | Loss_plain: 0.1837 | Test Acc: 95.76%
Step   900 | Loss_aug: 0.1470 | Loss_plain: 0.1933 | Test Acc: 95.84%
Step   902 | Loss_aug: 0.1816 | Loss_plain: 0.1640 | Test Acc: 95.81%
Step   904 | Loss_aug: 0.1324 | Loss_plain: 0.1597 | Test Acc: 95.88%
Step   906 | Loss_aug: 0.2126 | Loss_plain: 0.1131 | Test Acc: 95.85%
Step   908 | Loss_aug: 0.1327 | Loss_plain: 0.1709 | Test Acc: 95.72%
Step   910 | Loss_aug: 0.1522 | Loss_plain: 0.1712 | Test Acc: 95.74%
Step   912 | Loss_aug: 0.2194 | Loss_plain: 0.1709 | Test Acc: 95.83%
Step   914 | Loss_aug: 0.1995 | Loss_plain: 0.1983 | Test Acc: 95.84%
Step   916 | Loss_aug: 0.1620 | Loss_plain: 0.1912 | Test Acc: 95.74%
Step   918 | Loss_aug: 0.1726 | Loss_plain: 0.1403 | Test Acc: 95.77%
Step   920 | Loss_aug: 0.1537 | Loss_plain: 0.2144 | Test Acc: 95.72%
Step   922 | Loss_aug: 0.1442 | Loss_plain: 0.1632 | Test Acc: 95.71%
Step   924 | Loss_aug: 0.1066 | Loss_plain: 0.1701 | Test Acc: 95.67%
Step   926 | Loss_aug: 0.1924 | Loss_plain: 0.1228 | Test Acc: 95.76%
Step   928 | Loss_aug: 0.1322 | Loss_plain: 0.1258 | Test Acc: 95.91%
Step   930 | Loss_aug: 0.1320 | Loss_plain: 0.0917 | Test Acc: 95.93%
Step   932 | Loss_aug: 0.1502 | Loss_plain: 0.1482 | Test Acc: 96.00%
Step   934 | Loss_aug: 0.1720 | Loss_plain: 0.1773 | Test Acc: 96.03%
Step   936 | Loss_aug: 0.1601 | Loss_plain: 0.1073 | Test Acc: 96.03%
Step   938 | Loss_aug: 0.1680 | Loss_plain: 0.1837 | Test Acc: 95.96%
Step   940 | Loss_aug: 0.1678 | Loss_plain: 0.1475 | Test Acc: 96.03%

Epoch 3
Step   942 | Loss_aug: 0.1452 | Loss_plain: 0.1580 | Test Acc: 95.99%
Step   944 | Loss_aug: 0.1180 | Loss_plain: 0.1269 | Test Acc: 95.92%
Step   946 | Loss_aug: 0.1380 | Loss_plain: 0.1590 | Test Acc: 95.80%
Step   948 | Loss_aug: 0.1299 | Loss_plain: 0.1661 | Test Acc: 95.87%
Step   950 | Loss_aug: 0.1422 | Loss_plain: 0.1731 | Test Acc: 95.99%
Step   952 | Loss_aug: 0.1717 | Loss_plain: 0.1614 | Test Acc: 96.04%
Step   954 | Loss_aug: 0.1269 | Loss_plain: 0.1878 | Test Acc: 96.01%
Step   956 | Loss_aug: 0.1304 | Loss_plain: 0.1973 | Test Acc: 95.93%
Step   958 | Loss_aug: 0.1637 | Loss_plain: 0.1665 | Test Acc: 95.96%
Step   960 | Loss_aug: 0.1884 | Loss_plain: 0.1015 | Test Acc: 96.00%
Step   962 | Loss_aug: 0.1038 | Loss_plain: 0.1486 | Test Acc: 95.99%
Step   964 | Loss_aug: 0.1244 | Loss_plain: 0.1539 | Test Acc: 96.12%
Step   966 | Loss_aug: 0.1728 | Loss_plain: 0.1300 | Test Acc: 96.13%
Step   968 | Loss_aug: 0.1508 | Loss_plain: 0.1354 | Test Acc: 96.09%
Step   970 | Loss_aug: 0.1362 | Loss_plain: 0.1447 | Test Acc: 96.08%
Step   972 | Loss_aug: 0.1306 | Loss_plain: 0.1206 | Test Acc: 96.05%
Step   974 | Loss_aug: 0.1853 | Loss_plain: 0.0765 | Test Acc: 96.02%
Step   976 | Loss_aug: 0.1571 | Loss_plain: 0.0942 | Test Acc: 95.89%
Step   978 | Loss_aug: 0.1284 | Loss_plain: 0.1888 | Test Acc: 96.01%
Step   980 | Loss_aug: 0.1806 | Loss_plain: 0.0808 | Test Acc: 95.97%
Step   982 | Loss_aug: 0.1265 | Loss_plain: 0.1930 | Test Acc: 96.14%
Step   984 | Loss_aug: 0.1350 | Loss_plain: 0.0886 | Test Acc: 96.20%
Step   986 | Loss_aug: 0.1298 | Loss_plain: 0.1699 | Test Acc: 96.22%
Step   988 | Loss_aug: 0.1719 | Loss_plain: 0.0952 | Test Acc: 96.28%
Step   990 | Loss_aug: 0.2013 | Loss_plain: 0.1489 | Test Acc: 96.23%
Step   992 | Loss_aug: 0.1502 | Loss_plain: 0.1716 | Test Acc: 96.21%
Step   994 | Loss_aug: 0.0930 | Loss_plain: 0.1297 | Test Acc: 96.22%
Step   996 | Loss_aug: 0.1558 | Loss_plain: 0.1559 | Test Acc: 96.09%
Step   998 | Loss_aug: 0.1483 | Loss_plain: 0.1271 | Test Acc: 96.09%
Step  1000 | Loss_aug: 0.1297 | Loss_plain: 0.1394 | Test Acc: 96.03%
Step  1002 | Loss_aug: 0.0932 | Loss_plain: 0.1312 | Test Acc: 96.10%
Step  1004 | Loss_aug: 0.0969 | Loss_plain: 0.1577 | Test Acc: 96.21%
Step  1006 | Loss_aug: 0.1242 | Loss_plain: 0.1797 | Test Acc: 96.26%
Step  1008 | Loss_aug: 0.1375 | Loss_plain: 0.1575 | Test Acc: 96.34%
Step  1010 | Loss_aug: 0.1494 | Loss_plain: 0.1887 | Test Acc: 96.27%
Step  1012 | Loss_aug: 0.1272 | Loss_plain: 0.1896 | Test Acc: 96.33%
Step  1014 | Loss_aug: 0.1560 | Loss_plain: 0.1123 | Test Acc: 96.31%
Step  1016 | Loss_aug: 0.1497 | Loss_plain: 0.1504 | Test Acc: 96.21%
Step  1018 | Loss_aug: 0.1046 | Loss_plain: 0.1232 | Test Acc: 96.01%
Step  1020 | Loss_aug: 0.1697 | Loss_plain: 0.1550 | Test Acc: 96.02%
Step  1022 | Loss_aug: 0.1482 | Loss_plain: 0.0832 | Test Acc: 96.02%
Step  1024 | Loss_aug: 0.1454 | Loss_plain: 0.1434 | Test Acc: 96.13%
Step  1026 | Loss_aug: 0.1357 | Loss_plain: 0.1350 | Test Acc: 96.26%
Step  1028 | Loss_aug: 0.1300 | Loss_plain: 0.1670 | Test Acc: 96.29%
Step  1030 | Loss_aug: 0.1552 | Loss_plain: 0.1233 | Test Acc: 96.29%
Step  1032 | Loss_aug: 0.1414 | Loss_plain: 0.0998 | Test Acc: 96.32%
Step  1034 | Loss_aug: 0.1135 | Loss_plain: 0.1216 | Test Acc: 96.38%
Step  1036 | Loss_aug: 0.1329 | Loss_plain: 0.1147 | Test Acc: 96.30%
Step  1038 | Loss_aug: 0.1579 | Loss_plain: 0.1943 | Test Acc: 96.22%
Step  1040 | Loss_aug: 0.1291 | Loss_plain: 0.1043 | Test Acc: 96.43%
Step  1042 | Loss_aug: 0.1248 | Loss_plain: 0.1718 | Test Acc: 96.42%
Step  1044 | Loss_aug: 0.1875 | Loss_plain: 0.1993 | Test Acc: 96.44%
Step  1046 | Loss_aug: 0.1523 | Loss_plain: 0.1425 | Test Acc: 96.32%
Step  1048 | Loss_aug: 0.1035 | Loss_plain: 0.1702 | Test Acc: 96.35%
Step  1050 | Loss_aug: 0.1202 | Loss_plain: 0.0965 | Test Acc: 96.40%
Step  1052 | Loss_aug: 0.1371 | Loss_plain: 0.1058 | Test Acc: 96.45%
Step  1054 | Loss_aug: 0.1563 | Loss_plain: 0.1496 | Test Acc: 96.41%
Step  1056 | Loss_aug: 0.1606 | Loss_plain: 0.1092 | Test Acc: 96.36%
Step  1058 | Loss_aug: 0.1726 | Loss_plain: 0.1741 | Test Acc: 96.37%
Step  1060 | Loss_aug: 0.1166 | Loss_plain: 0.1007 | Test Acc: 96.40%
Step  1062 | Loss_aug: 0.1281 | Loss_plain: 0.1278 | Test Acc: 96.47%
Step  1064 | Loss_aug: 0.1418 | Loss_plain: 0.0992 | Test Acc: 96.53%
Step  1066 | Loss_aug: 0.1284 | Loss_plain: 0.1308 | Test Acc: 96.45%
Step  1068 | Loss_aug: 0.1581 | Loss_plain: 0.1924 | Test Acc: 96.51%
Step  1070 | Loss_aug: 0.1699 | Loss_plain: 0.1584 | Test Acc: 96.48%
Step  1072 | Loss_aug: 0.1134 | Loss_plain: 0.0769 | Test Acc: 96.42%
Step  1074 | Loss_aug: 0.1265 | Loss_plain: 0.1249 | Test Acc: 96.40%
Step  1076 | Loss_aug: 0.1342 | Loss_plain: 0.1167 | Test Acc: 96.40%
Step  1078 | Loss_aug: 0.1238 | Loss_plain: 0.1173 | Test Acc: 96.45%
Step  1080 | Loss_aug: 0.1034 | Loss_plain: 0.1460 | Test Acc: 96.45%
Step  1082 | Loss_aug: 0.1363 | Loss_plain: 0.1263 | Test Acc: 96.48%
Step  1084 | Loss_aug: 0.1287 | Loss_plain: 0.1409 | Test Acc: 96.50%
Step  1086 | Loss_aug: 0.1861 | Loss_plain: 0.0893 | Test Acc: 96.51%
Step  1088 | Loss_aug: 0.1430 | Loss_plain: 0.1109 | Test Acc: 96.47%
Step  1090 | Loss_aug: 0.0957 | Loss_plain: 0.1411 | Test Acc: 96.45%
Step  1092 | Loss_aug: 0.1530 | Loss_plain: 0.1457 | Test Acc: 96.46%
Step  1094 | Loss_aug: 0.1391 | Loss_plain: 0.0805 | Test Acc: 96.53%
Step  1096 | Loss_aug: 0.1147 | Loss_plain: 0.1789 | Test Acc: 96.58%
Step  1098 | Loss_aug: 0.1382 | Loss_plain: 0.1453 | Test Acc: 96.60%
Step  1100 | Loss_aug: 0.1546 | Loss_plain: 0.1664 | Test Acc: 96.60%
Step  1102 | Loss_aug: 0.1311 | Loss_plain: 0.1563 | Test Acc: 96.59%
Step  1104 | Loss_aug: 0.0892 | Loss_plain: 0.1618 | Test Acc: 96.50%
Step  1106 | Loss_aug: 0.1569 | Loss_plain: 0.1003 | Test Acc: 96.41%
Step  1108 | Loss_aug: 0.1270 | Loss_plain: 0.1627 | Test Acc: 96.44%
Step  1110 | Loss_aug: 0.1226 | Loss_plain: 0.1452 | Test Acc: 96.52%
Step  1112 | Loss_aug: 0.1015 | Loss_plain: 0.1053 | Test Acc: 96.64%
Step  1114 | Loss_aug: 0.1335 | Loss_plain: 0.0855 | Test Acc: 96.64%
Step  1116 | Loss_aug: 0.1098 | Loss_plain: 0.1435 | Test Acc: 96.65%
Step  1118 | Loss_aug: 0.1222 | Loss_plain: 0.1519 | Test Acc: 96.59%
Step  1120 | Loss_aug: 0.1536 | Loss_plain: 0.1164 | Test Acc: 96.64%
Step  1122 | Loss_aug: 0.1254 | Loss_plain: 0.0757 | Test Acc: 96.51%
Step  1124 | Loss_aug: 0.1238 | Loss_plain: 0.1888 | Test Acc: 96.49%
Step  1126 | Loss_aug: 0.1025 | Loss_plain: 0.1256 | Test Acc: 96.55%
Step  1128 | Loss_aug: 0.0938 | Loss_plain: 0.1357 | Test Acc: 96.68%
Step  1130 | Loss_aug: 0.1037 | Loss_plain: 0.1620 | Test Acc: 96.71%
Step  1132 | Loss_aug: 0.1012 | Loss_plain: 0.1339 | Test Acc: 96.71%
Step  1134 | Loss_aug: 0.1331 | Loss_plain: 0.1183 | Test Acc: 96.79%
Step  1136 | Loss_aug: 0.1358 | Loss_plain: 0.1173 | Test Acc: 96.71%
Step  1138 | Loss_aug: 0.1281 | Loss_plain: 0.1408 | Test Acc: 96.72%
Step  1140 | Loss_aug: 0.1033 | Loss_plain: 0.0729 | Test Acc: 96.72%
Step  1142 | Loss_aug: 0.0818 | Loss_plain: 0.1185 | Test Acc: 96.67%
Step  1144 | Loss_aug: 0.1238 | Loss_plain: 0.1222 | Test Acc: 96.62%
Step  1146 | Loss_aug: 0.1027 | Loss_plain: 0.1324 | Test Acc: 96.69%
Step  1148 | Loss_aug: 0.0963 | Loss_plain: 0.1405 | Test Acc: 96.74%
Step  1150 | Loss_aug: 0.1082 | Loss_plain: 0.1337 | Test Acc: 96.75%
Step  1152 | Loss_aug: 0.1179 | Loss_plain: 0.1095 | Test Acc: 96.77%
Step  1154 | Loss_aug: 0.1007 | Loss_plain: 0.1803 | Test Acc: 96.71%
Step  1156 | Loss_aug: 0.1115 | Loss_plain: 0.0669 | Test Acc: 96.71%
Step  1158 | Loss_aug: 0.1307 | Loss_plain: 0.1661 | Test Acc: 96.72%
Step  1160 | Loss_aug: 0.0892 | Loss_plain: 0.1116 | Test Acc: 96.77%
Step  1162 | Loss_aug: 0.1390 | Loss_plain: 0.1121 | Test Acc: 96.84%
Step  1164 | Loss_aug: 0.1424 | Loss_plain: 0.1434 | Test Acc: 96.81%
Step  1166 | Loss_aug: 0.1461 | Loss_plain: 0.1113 | Test Acc: 96.81%
Step  1168 | Loss_aug: 0.1314 | Loss_plain: 0.1091 | Test Acc: 96.78%
Step  1170 | Loss_aug: 0.1272 | Loss_plain: 0.1395 | Test Acc: 96.72%
Step  1172 | Loss_aug: 0.1042 | Loss_plain: 0.1056 | Test Acc: 96.76%
Step  1174 | Loss_aug: 0.1052 | Loss_plain: 0.1107 | Test Acc: 96.74%
Step  1176 | Loss_aug: 0.1687 | Loss_plain: 0.1227 | Test Acc: 96.71%
Step  1178 | Loss_aug: 0.1276 | Loss_plain: 0.0669 | Test Acc: 96.66%
Step  1180 | Loss_aug: 0.1578 | Loss_plain: 0.1499 | Test Acc: 96.75%
Step  1182 | Loss_aug: 0.1193 | Loss_plain: 0.1356 | Test Acc: 96.75%
Step  1184 | Loss_aug: 0.0893 | Loss_plain: 0.1144 | Test Acc: 96.78%
Step  1186 | Loss_aug: 0.1637 | Loss_plain: 0.1689 | Test Acc: 96.80%
Step  1188 | Loss_aug: 0.1116 | Loss_plain: 0.1688 | Test Acc: 96.80%
Step  1190 | Loss_aug: 0.0986 | Loss_plain: 0.1049 | Test Acc: 96.78%
Step  1192 | Loss_aug: 0.0909 | Loss_plain: 0.1097 | Test Acc: 96.75%
Step  1194 | Loss_aug: 0.1415 | Loss_plain: 0.1486 | Test Acc: 96.62%
Step  1196 | Loss_aug: 0.1020 | Loss_plain: 0.1176 | Test Acc: 96.77%
Step  1198 | Loss_aug: 0.1892 | Loss_plain: 0.1014 | Test Acc: 96.92%
Step  1200 | Loss_aug: 0.1215 | Loss_plain: 0.1483 | Test Acc: 96.91%
Step  1202 | Loss_aug: 0.1128 | Loss_plain: 0.1834 | Test Acc: 96.95%
Step  1204 | Loss_aug: 0.1013 | Loss_plain: 0.1157 | Test Acc: 96.94%
Step  1206 | Loss_aug: 0.1108 | Loss_plain: 0.1199 | Test Acc: 96.89%
Step  1208 | Loss_aug: 0.1628 | Loss_plain: 0.1089 | Test Acc: 96.78%
Step  1210 | Loss_aug: 0.0970 | Loss_plain: 0.1387 | Test Acc: 96.80%
Step  1212 | Loss_aug: 0.1406 | Loss_plain: 0.0735 | Test Acc: 96.88%
Step  1214 | Loss_aug: 0.0879 | Loss_plain: 0.0790 | Test Acc: 96.94%
Step  1216 | Loss_aug: 0.1058 | Loss_plain: 0.1327 | Test Acc: 96.95%
Step  1218 | Loss_aug: 0.0938 | Loss_plain: 0.1444 | Test Acc: 96.93%
Step  1220 | Loss_aug: 0.0935 | Loss_plain: 0.0845 | Test Acc: 96.97%
Step  1222 | Loss_aug: 0.0806 | Loss_plain: 0.0512 | Test Acc: 96.98%
Step  1224 | Loss_aug: 0.1201 | Loss_plain: 0.1164 | Test Acc: 96.96%
Step  1226 | Loss_aug: 0.1031 | Loss_plain: 0.1506 | Test Acc: 96.94%
Step  1228 | Loss_aug: 0.1182 | Loss_plain: 0.0771 | Test Acc: 96.90%
Step  1230 | Loss_aug: 0.1067 | Loss_plain: 0.1012 | Test Acc: 96.86%
Step  1232 | Loss_aug: 0.1133 | Loss_plain: 0.0862 | Test Acc: 96.88%
Step  1234 | Loss_aug: 0.0715 | Loss_plain: 0.0873 | Test Acc: 96.78%
Step  1236 | Loss_aug: 0.1104 | Loss_plain: 0.1215 | Test Acc: 96.85%
Step  1238 | Loss_aug: 0.1128 | Loss_plain: 0.1172 | Test Acc: 96.91%
Step  1240 | Loss_aug: 0.1366 | Loss_plain: 0.1486 | Test Acc: 96.99%
Step  1242 | Loss_aug: 0.1459 | Loss_plain: 0.0801 | Test Acc: 96.98%
Step  1244 | Loss_aug: 0.1319 | Loss_plain: 0.1394 | Test Acc: 96.90%
Step  1246 | Loss_aug: 0.1600 | Loss_plain: 0.1106 | Test Acc: 96.95%
Step  1248 | Loss_aug: 0.1309 | Loss_plain: 0.1014 | Test Acc: 97.10%
Step  1250 | Loss_aug: 0.1531 | Loss_plain: 0.0907 | Test Acc: 97.14%
Step  1252 | Loss_aug: 0.0883 | Loss_plain: 0.1191 | Test Acc: 97.17%
Step  1254 | Loss_aug: 0.0969 | Loss_plain: 0.0656 | Test Acc: 97.15%
Step  1256 | Loss_aug: 0.1004 | Loss_plain: 0.1312 | Test Acc: 97.07%
Step  1258 | Loss_aug: 0.1070 | Loss_plain: 0.1056 | Test Acc: 96.95%
Step  1260 | Loss_aug: 0.1012 | Loss_plain: 0.0782 | Test Acc: 96.95%
Step  1262 | Loss_aug: 0.0795 | Loss_plain: 0.1032 | Test Acc: 97.00%
Step  1264 | Loss_aug: 0.1605 | Loss_plain: 0.1071 | Test Acc: 97.02%
Step  1266 | Loss_aug: 0.1135 | Loss_plain: 0.0742 | Test Acc: 97.03%
Step  1268 | Loss_aug: 0.1224 | Loss_plain: 0.1036 | Test Acc: 97.06%
Step  1270 | Loss_aug: 0.0848 | Loss_plain: 0.1106 | Test Acc: 97.04%
Step  1272 | Loss_aug: 0.1164 | Loss_plain: 0.0692 | Test Acc: 97.06%
Step  1274 | Loss_aug: 0.0872 | Loss_plain: 0.0484 | Test Acc: 97.00%
Step  1276 | Loss_aug: 0.0984 | Loss_plain: 0.0789 | Test Acc: 97.04%
Step  1278 | Loss_aug: 0.0694 | Loss_plain: 0.0780 | Test Acc: 97.08%
Step  1280 | Loss_aug: 0.0879 | Loss_plain: 0.0720 | Test Acc: 97.04%
Step  1282 | Loss_aug: 0.0841 | Loss_plain: 0.1235 | Test Acc: 96.96%
Step  1284 | Loss_aug: 0.1257 | Loss_plain: 0.1239 | Test Acc: 97.01%
Step  1286 | Loss_aug: 0.0818 | Loss_plain: 0.1428 | Test Acc: 97.08%
Step  1288 | Loss_aug: 0.1220 | Loss_plain: 0.1077 | Test Acc: 97.16%
Step  1290 | Loss_aug: 0.0782 | Loss_plain: 0.0918 | Test Acc: 97.08%
Step  1292 | Loss_aug: 0.1222 | Loss_plain: 0.0930 | Test Acc: 97.06%
Step  1294 | Loss_aug: 0.1041 | Loss_plain: 0.1515 | Test Acc: 97.09%
Step  1296 | Loss_aug: 0.1220 | Loss_plain: 0.1118 | Test Acc: 97.03%
Step  1298 | Loss_aug: 0.0768 | Loss_plain: 0.0873 | Test Acc: 96.96%
Step  1300 | Loss_aug: 0.0915 | Loss_plain: 0.1025 | Test Acc: 96.95%
Step  1302 | Loss_aug: 0.0899 | Loss_plain: 0.1948 | Test Acc: 96.99%
Step  1304 | Loss_aug: 0.1251 | Loss_plain: 0.0777 | Test Acc: 97.08%
Step  1306 | Loss_aug: 0.1051 | Loss_plain: 0.0760 | Test Acc: 97.00%
Step  1308 | Loss_aug: 0.1127 | Loss_plain: 0.1759 | Test Acc: 97.01%
Step  1310 | Loss_aug: 0.0845 | Loss_plain: 0.0960 | Test Acc: 97.02%
Step  1312 | Loss_aug: 0.1450 | Loss_plain: 0.1407 | Test Acc: 96.97%
Step  1314 | Loss_aug: 0.1051 | Loss_plain: 0.1344 | Test Acc: 96.94%
Step  1316 | Loss_aug: 0.0973 | Loss_plain: 0.1053 | Test Acc: 96.94%
Step  1318 | Loss_aug: 0.1083 | Loss_plain: 0.0957 | Test Acc: 96.99%
Step  1320 | Loss_aug: 0.1319 | Loss_plain: 0.1185 | Test Acc: 97.09%
Step  1322 | Loss_aug: 0.0916 | Loss_plain: 0.1227 | Test Acc: 97.15%
Step  1324 | Loss_aug: 0.1060 | Loss_plain: 0.0748 | Test Acc: 97.19%
Step  1326 | Loss_aug: 0.1082 | Loss_plain: 0.0757 | Test Acc: 97.19%
Step  1328 | Loss_aug: 0.1619 | Loss_plain: 0.0970 | Test Acc: 97.22%
Step  1330 | Loss_aug: 0.1188 | Loss_plain: 0.0666 | Test Acc: 97.27%
Step  1332 | Loss_aug: 0.0863 | Loss_plain: 0.1186 | Test Acc: 97.28%
Step  1334 | Loss_aug: 0.0874 | Loss_plain: 0.0653 | Test Acc: 97.25%
Step  1336 | Loss_aug: 0.0802 | Loss_plain: 0.0720 | Test Acc: 97.21%
Step  1338 | Loss_aug: 0.1113 | Loss_plain: 0.0716 | Test Acc: 97.25%
Step  1340 | Loss_aug: 0.1049 | Loss_plain: 0.1061 | Test Acc: 97.23%
Step  1342 | Loss_aug: 0.0813 | Loss_plain: 0.1455 | Test Acc: 97.20%
Step  1344 | Loss_aug: 0.1080 | Loss_plain: 0.2108 | Test Acc: 97.13%
Step  1346 | Loss_aug: 0.1295 | Loss_plain: 0.1079 | Test Acc: 97.17%
Step  1348 | Loss_aug: 0.1227 | Loss_plain: 0.1374 | Test Acc: 97.18%
Step  1350 | Loss_aug: 0.1349 | Loss_plain: 0.2020 | Test Acc: 97.23%
Step  1352 | Loss_aug: 0.1242 | Loss_plain: 0.1085 | Test Acc: 97.19%
Step  1354 | Loss_aug: 0.0721 | Loss_plain: 0.0985 | Test Acc: 97.24%
Step  1356 | Loss_aug: 0.1149 | Loss_plain: 0.0995 | Test Acc: 97.22%
Step  1358 | Loss_aug: 0.0925 | Loss_plain: 0.0937 | Test Acc: 97.31%
Step  1360 | Loss_aug: 0.1140 | Loss_plain: 0.0602 | Test Acc: 97.28%
Step  1362 | Loss_aug: 0.1287 | Loss_plain: 0.0733 | Test Acc: 97.26%
Step  1364 | Loss_aug: 0.0961 | Loss_plain: 0.1093 | Test Acc: 97.20%
Step  1366 | Loss_aug: 0.0792 | Loss_plain: 0.0937 | Test Acc: 97.24%
Step  1368 | Loss_aug: 0.0909 | Loss_plain: 0.0696 | Test Acc: 97.25%
Step  1370 | Loss_aug: 0.1304 | Loss_plain: 0.2047 | Test Acc: 97.25%
Step  1372 | Loss_aug: 0.1103 | Loss_plain: 0.0811 | Test Acc: 97.28%
Step  1374 | Loss_aug: 0.0861 | Loss_plain: 0.0917 | Test Acc: 97.27%
Step  1376 | Loss_aug: 0.1141 | Loss_plain: 0.0831 | Test Acc: 97.36%
Step  1378 | Loss_aug: 0.1161 | Loss_plain: 0.1290 | Test Acc: 97.31%
Step  1380 | Loss_aug: 0.1062 | Loss_plain: 0.0540 | Test Acc: 97.34%
Step  1382 | Loss_aug: 0.1317 | Loss_plain: 0.0739 | Test Acc: 97.32%
Step  1384 | Loss_aug: 0.0674 | Loss_plain: 0.0879 | Test Acc: 97.32%
Step  1386 | Loss_aug: 0.0849 | Loss_plain: 0.0919 | Test Acc: 97.37%
Step  1388 | Loss_aug: 0.0987 | Loss_plain: 0.1056 | Test Acc: 97.32%
Step  1390 | Loss_aug: 0.0970 | Loss_plain: 0.0923 | Test Acc: 97.20%
Step  1392 | Loss_aug: 0.1256 | Loss_plain: 0.1248 | Test Acc: 97.25%
Step  1394 | Loss_aug: 0.1033 | Loss_plain: 0.0835 | Test Acc: 97.27%
Step  1396 | Loss_aug: 0.0807 | Loss_plain: 0.1289 | Test Acc: 97.26%
Step  1398 | Loss_aug: 0.0939 | Loss_plain: 0.0929 | Test Acc: 97.30%
Step  1400 | Loss_aug: 0.1038 | Loss_plain: 0.1473 | Test Acc: 97.27%
Step  1402 | Loss_aug: 0.1100 | Loss_plain: 0.0743 | Test Acc: 97.27%
Step  1404 | Loss_aug: 0.1197 | Loss_plain: 0.0899 | Test Acc: 97.30%
Step  1406 | Loss_aug: 0.0732 | Loss_plain: 0.1030 | Test Acc: 97.31%
Step  1408 | Loss_aug: 0.0932 | Loss_plain: 0.1204 | Test Acc: 97.26%
Step  1410 | Loss_aug: 0.1179 | Loss_plain: 0.0744 | Test Acc: 97.33%

Epoch 4
Step  1412 | Loss_aug: 0.1151 | Loss_plain: 0.0483 | Test Acc: 97.39%
Step  1414 | Loss_aug: 0.0683 | Loss_plain: 0.0630 | Test Acc: 97.38%
Step  1416 | Loss_aug: 0.1039 | Loss_plain: 0.0601 | Test Acc: 97.43%
Step  1418 | Loss_aug: 0.0840 | Loss_plain: 0.0946 | Test Acc: 97.34%
Step  1420 | Loss_aug: 0.0824 | Loss_plain: 0.1069 | Test Acc: 97.33%
Step  1422 | Loss_aug: 0.1076 | Loss_plain: 0.1371 | Test Acc: 97.30%
Step  1424 | Loss_aug: 0.0844 | Loss_plain: 0.1266 | Test Acc: 97.32%
Step  1426 | Loss_aug: 0.1156 | Loss_plain: 0.0643 | Test Acc: 97.39%
Step  1428 | Loss_aug: 0.0944 | Loss_plain: 0.0939 | Test Acc: 97.38%
Step  1430 | Loss_aug: 0.0999 | Loss_plain: 0.0632 | Test Acc: 97.37%
Step  1432 | Loss_aug: 0.0789 | Loss_plain: 0.0720 | Test Acc: 97.32%
Step  1434 | Loss_aug: 0.0926 | Loss_plain: 0.0992 | Test Acc: 97.30%
Step  1436 | Loss_aug: 0.0895 | Loss_plain: 0.1202 | Test Acc: 97.36%
Step  1438 | Loss_aug: 0.0873 | Loss_plain: 0.0773 | Test Acc: 97.44%
Step  1440 | Loss_aug: 0.0878 | Loss_plain: 0.0778 | Test Acc: 97.40%
Step  1442 | Loss_aug: 0.0551 | Loss_plain: 0.0880 | Test Acc: 97.38%
Step  1444 | Loss_aug: 0.0677 | Loss_plain: 0.1327 | Test Acc: 97.41%
Step  1446 | Loss_aug: 0.1381 | Loss_plain: 0.0865 | Test Acc: 97.41%
Step  1448 | Loss_aug: 0.1187 | Loss_plain: 0.0719 | Test Acc: 97.37%
Step  1450 | Loss_aug: 0.0633 | Loss_plain: 0.0787 | Test Acc: 97.32%
Step  1452 | Loss_aug: 0.1421 | Loss_plain: 0.0881 | Test Acc: 97.32%
Step  1454 | Loss_aug: 0.1247 | Loss_plain: 0.0756 | Test Acc: 97.34%
Step  1456 | Loss_aug: 0.1220 | Loss_plain: 0.1014 | Test Acc: 97.42%
Step  1458 | Loss_aug: 0.0784 | Loss_plain: 0.1239 | Test Acc: 97.47%
Step  1460 | Loss_aug: 0.1000 | Loss_plain: 0.1082 | Test Acc: 97.47%
Step  1462 | Loss_aug: 0.0767 | Loss_plain: 0.1472 | Test Acc: 97.51%
Step  1464 | Loss_aug: 0.1272 | Loss_plain: 0.1000 | Test Acc: 97.47%
Step  1466 | Loss_aug: 0.0768 | Loss_plain: 0.1591 | Test Acc: 97.43%
Step  1468 | Loss_aug: 0.0974 | Loss_plain: 0.1168 | Test Acc: 97.43%
Step  1470 | Loss_aug: 0.1108 | Loss_plain: 0.1062 | Test Acc: 97.34%
Step  1472 | Loss_aug: 0.1230 | Loss_plain: 0.1101 | Test Acc: 97.37%
Step  1474 | Loss_aug: 0.0824 | Loss_plain: 0.1084 | Test Acc: 97.38%
Step  1476 | Loss_aug: 0.1170 | Loss_plain: 0.0919 | Test Acc: 97.36%
Step  1478 | Loss_aug: 0.0862 | Loss_plain: 0.0912 | Test Acc: 97.37%
Step  1480 | Loss_aug: 0.0897 | Loss_plain: 0.1062 | Test Acc: 97.50%
Step  1482 | Loss_aug: 0.0926 | Loss_plain: 0.1332 | Test Acc: 97.54%
Step  1484 | Loss_aug: 0.0704 | Loss_plain: 0.1251 | Test Acc: 97.52%
Step  1486 | Loss_aug: 0.0600 | Loss_plain: 0.0654 | Test Acc: 97.49%
Step  1488 | Loss_aug: 0.0930 | Loss_plain: 0.0922 | Test Acc: 97.48%
Step  1490 | Loss_aug: 0.0884 | Loss_plain: 0.0666 | Test Acc: 97.49%
Step  1492 | Loss_aug: 0.0759 | Loss_plain: 0.1071 | Test Acc: 97.38%
Step  1494 | Loss_aug: 0.0708 | Loss_plain: 0.1249 | Test Acc: 97.34%
Step  1496 | Loss_aug: 0.0810 | Loss_plain: 0.1088 | Test Acc: 97.43%
Step  1498 | Loss_aug: 0.1057 | Loss_plain: 0.0985 | Test Acc: 97.54%
Step  1500 | Loss_aug: 0.1135 | Loss_plain: 0.0857 | Test Acc: 97.54%
Step  1502 | Loss_aug: 0.0612 | Loss_plain: 0.1121 | Test Acc: 97.44%
Step  1504 | Loss_aug: 0.0765 | Loss_plain: 0.0603 | Test Acc: 97.27%
Step  1506 | Loss_aug: 0.0667 | Loss_plain: 0.0860 | Test Acc: 97.31%
Step  1508 | Loss_aug: 0.0882 | Loss_plain: 0.0640 | Test Acc: 97.39%
Step  1510 | Loss_aug: 0.0968 | Loss_plain: 0.0976 | Test Acc: 97.45%
Step  1512 | Loss_aug: 0.0958 | Loss_plain: 0.1244 | Test Acc: 97.41%
Step  1514 | Loss_aug: 0.0822 | Loss_plain: 0.1028 | Test Acc: 97.36%
Step  1516 | Loss_aug: 0.0910 | Loss_plain: 0.1183 | Test Acc: 97.43%
Step  1518 | Loss_aug: 0.0978 | Loss_plain: 0.1080 | Test Acc: 97.50%
Step  1520 | Loss_aug: 0.0971 | Loss_plain: 0.0613 | Test Acc: 97.54%
Step  1522 | Loss_aug: 0.0879 | Loss_plain: 0.0917 | Test Acc: 97.54%
Step  1524 | Loss_aug: 0.0719 | Loss_plain: 0.0990 | Test Acc: 97.48%
Step  1526 | Loss_aug: 0.0688 | Loss_plain: 0.1134 | Test Acc: 97.47%
Step  1528 | Loss_aug: 0.0638 | Loss_plain: 0.1252 | Test Acc: 97.45%
Step  1530 | Loss_aug: 0.1069 | Loss_plain: 0.0732 | Test Acc: 97.42%
Step  1532 | Loss_aug: 0.0855 | Loss_plain: 0.1020 | Test Acc: 97.47%
Step  1534 | Loss_aug: 0.0689 | Loss_plain: 0.0768 | Test Acc: 97.58%
Step  1536 | Loss_aug: 0.0916 | Loss_plain: 0.1271 | Test Acc: 97.60%
Step  1538 | Loss_aug: 0.0986 | Loss_plain: 0.0547 | Test Acc: 97.58%
Step  1540 | Loss_aug: 0.0799 | Loss_plain: 0.0851 | Test Acc: 97.52%
Step  1542 | Loss_aug: 0.1117 | Loss_plain: 0.1410 | Test Acc: 97.52%
Step  1544 | Loss_aug: 0.0736 | Loss_plain: 0.1101 | Test Acc: 97.56%
Step  1546 | Loss_aug: 0.1009 | Loss_plain: 0.1135 | Test Acc: 97.57%
Step  1548 | Loss_aug: 0.0860 | Loss_plain: 0.0984 | Test Acc: 97.52%
Step  1550 | Loss_aug: 0.0842 | Loss_plain: 0.1364 | Test Acc: 97.45%
Step  1552 | Loss_aug: 0.0799 | Loss_plain: 0.0546 | Test Acc: 97.38%
Step  1554 | Loss_aug: 0.0831 | Loss_plain: 0.0534 | Test Acc: 97.47%
Step  1556 | Loss_aug: 0.0899 | Loss_plain: 0.1061 | Test Acc: 97.48%
Step  1558 | Loss_aug: 0.0755 | Loss_plain: 0.0966 | Test Acc: 97.55%
Step  1560 | Loss_aug: 0.0587 | Loss_plain: 0.1092 | Test Acc: 97.49%
Step  1562 | Loss_aug: 0.1107 | Loss_plain: 0.1133 | Test Acc: 97.53%
Step  1564 | Loss_aug: 0.0958 | Loss_plain: 0.0646 | Test Acc: 97.53%
Step  1566 | Loss_aug: 0.1103 | Loss_plain: 0.0997 | Test Acc: 97.62%
Step  1568 | Loss_aug: 0.0919 | Loss_plain: 0.0618 | Test Acc: 97.58%
Step  1570 | Loss_aug: 0.0899 | Loss_plain: 0.0897 | Test Acc: 97.62%
Step  1572 | Loss_aug: 0.1066 | Loss_plain: 0.0787 | Test Acc: 97.54%
Step  1574 | Loss_aug: 0.1006 | Loss_plain: 0.1141 | Test Acc: 97.50%
Step  1576 | Loss_aug: 0.1113 | Loss_plain: 0.0918 | Test Acc: 97.40%
Step  1578 | Loss_aug: 0.0578 | Loss_plain: 0.0722 | Test Acc: 97.45%
Step  1580 | Loss_aug: 0.0861 | Loss_plain: 0.0802 | Test Acc: 97.43%
Step  1582 | Loss_aug: 0.0519 | Loss_plain: 0.0700 | Test Acc: 97.44%
Step  1584 | Loss_aug: 0.1216 | Loss_plain: 0.0965 | Test Acc: 97.42%
Step  1586 | Loss_aug: 0.0968 | Loss_plain: 0.0404 | Test Acc: 97.48%
Step  1588 | Loss_aug: 0.0939 | Loss_plain: 0.0560 | Test Acc: 97.55%
Step  1590 | Loss_aug: 0.0634 | Loss_plain: 0.0798 | Test Acc: 97.51%
Step  1592 | Loss_aug: 0.0939 | Loss_plain: 0.0639 | Test Acc: 97.55%
Step  1594 | Loss_aug: 0.0776 | Loss_plain: 0.0548 | Test Acc: 97.55%
Step  1596 | Loss_aug: 0.0564 | Loss_plain: 0.0778 | Test Acc: 97.52%
Step  1598 | Loss_aug: 0.0714 | Loss_plain: 0.0950 | Test Acc: 97.58%
Step  1600 | Loss_aug: 0.0906 | Loss_plain: 0.0640 | Test Acc: 97.59%
Step  1602 | Loss_aug: 0.0698 | Loss_plain: 0.0412 | Test Acc: 97.53%
Step  1604 | Loss_aug: 0.0822 | Loss_plain: 0.0696 | Test Acc: 97.49%
Step  1606 | Loss_aug: 0.0786 | Loss_plain: 0.0623 | Test Acc: 97.45%
Step  1608 | Loss_aug: 0.1108 | Loss_plain: 0.0989 | Test Acc: 97.42%
Step  1610 | Loss_aug: 0.0565 | Loss_plain: 0.1348 | Test Acc: 97.42%
Step  1612 | Loss_aug: 0.0839 | Loss_plain: 0.0893 | Test Acc: 97.41%
Step  1614 | Loss_aug: 0.0832 | Loss_plain: 0.0626 | Test Acc: 97.37%
Step  1616 | Loss_aug: 0.0895 | Loss_plain: 0.0755 | Test Acc: 97.45%
Step  1618 | Loss_aug: 0.0884 | Loss_plain: 0.0391 | Test Acc: 97.47%
Step  1620 | Loss_aug: 0.0716 | Loss_plain: 0.1221 | Test Acc: 97.52%
Step  1622 | Loss_aug: 0.0924 | Loss_plain: 0.1084 | Test Acc: 97.52%
Step  1624 | Loss_aug: 0.0939 | Loss_plain: 0.0397 | Test Acc: 97.51%
Step  1626 | Loss_aug: 0.0677 | Loss_plain: 0.1073 | Test Acc: 97.53%
Step  1628 | Loss_aug: 0.0938 | Loss_plain: 0.0872 | Test Acc: 97.59%
Step  1630 | Loss_aug: 0.0739 | Loss_plain: 0.1123 | Test Acc: 97.62%
Step  1632 | Loss_aug: 0.1058 | Loss_plain: 0.0522 | Test Acc: 97.60%
Step  1634 | Loss_aug: 0.0650 | Loss_plain: 0.0553 | Test Acc: 97.56%
Step  1636 | Loss_aug: 0.0853 | Loss_plain: 0.1100 | Test Acc: 97.50%
Step  1638 | Loss_aug: 0.0671 | Loss_plain: 0.0948 | Test Acc: 97.48%
Step  1640 | Loss_aug: 0.0871 | Loss_plain: 0.0755 | Test Acc: 97.58%
Step  1642 | Loss_aug: 0.0734 | Loss_plain: 0.0737 | Test Acc: 97.59%
Step  1644 | Loss_aug: 0.0528 | Loss_plain: 0.1133 | Test Acc: 97.57%
Step  1646 | Loss_aug: 0.1246 | Loss_plain: 0.0472 | Test Acc: 97.48%
Step  1648 | Loss_aug: 0.1223 | Loss_plain: 0.1205 | Test Acc: 97.47%
Step  1650 | Loss_aug: 0.0942 | Loss_plain: 0.0777 | Test Acc: 97.50%
Step  1652 | Loss_aug: 0.1016 | Loss_plain: 0.0969 | Test Acc: 97.46%
Step  1654 | Loss_aug: 0.0952 | Loss_plain: 0.0664 | Test Acc: 97.51%
Step  1656 | Loss_aug: 0.1324 | Loss_plain: 0.0859 | Test Acc: 97.60%
Step  1658 | Loss_aug: 0.0804 | Loss_plain: 0.0693 | Test Acc: 97.71%
Step  1660 | Loss_aug: 0.0893 | Loss_plain: 0.0900 | Test Acc: 97.64%
Step  1662 | Loss_aug: 0.0940 | Loss_plain: 0.0628 | Test Acc: 97.63%
Step  1664 | Loss_aug: 0.1292 | Loss_plain: 0.0527 | Test Acc: 97.58%
Step  1666 | Loss_aug: 0.1276 | Loss_plain: 0.0448 | Test Acc: 97.63%
Step  1668 | Loss_aug: 0.0994 | Loss_plain: 0.0842 | Test Acc: 97.62%
Step  1670 | Loss_aug: 0.0908 | Loss_plain: 0.0940 | Test Acc: 97.60%
Step  1672 | Loss_aug: 0.1405 | Loss_plain: 0.0776 | Test Acc: 97.61%
Step  1674 | Loss_aug: 0.0527 | Loss_plain: 0.0496 | Test Acc: 97.70%
Step  1676 | Loss_aug: 0.0757 | Loss_plain: 0.0719 | Test Acc: 97.62%
Step  1678 | Loss_aug: 0.0659 | Loss_plain: 0.0897 | Test Acc: 97.55%
Step  1680 | Loss_aug: 0.0780 | Loss_plain: 0.0656 | Test Acc: 97.55%
Step  1682 | Loss_aug: 0.0712 | Loss_plain: 0.0528 | Test Acc: 97.57%
Step  1684 | Loss_aug: 0.0869 | Loss_plain: 0.1043 | Test Acc: 97.63%
Step  1686 | Loss_aug: 0.0759 | Loss_plain: 0.0823 | Test Acc: 97.58%
Step  1688 | Loss_aug: 0.0735 | Loss_plain: 0.0921 | Test Acc: 97.54%
Step  1690 | Loss_aug: 0.0890 | Loss_plain: 0.0846 | Test Acc: 97.58%
Step  1692 | Loss_aug: 0.0733 | Loss_plain: 0.0705 | Test Acc: 97.64%
Step  1694 | Loss_aug: 0.0958 | Loss_plain: 0.0889 | Test Acc: 97.69%
Step  1696 | Loss_aug: 0.1044 | Loss_plain: 0.0890 | Test Acc: 97.69%
Step  1698 | Loss_aug: 0.0780 | Loss_plain: 0.0362 | Test Acc: 97.70%
Step  1700 | Loss_aug: 0.0685 | Loss_plain: 0.1446 | Test Acc: 97.70%
Step  1702 | Loss_aug: 0.0483 | Loss_plain: 0.0692 | Test Acc: 97.68%
Step  1704 | Loss_aug: 0.0434 | Loss_plain: 0.0873 | Test Acc: 97.69%
Step  1706 | Loss_aug: 0.1033 | Loss_plain: 0.0879 | Test Acc: 97.67%
Step  1708 | Loss_aug: 0.0673 | Loss_plain: 0.0632 | Test Acc: 97.70%
Step  1710 | Loss_aug: 0.1054 | Loss_plain: 0.0514 | Test Acc: 97.76%
Step  1712 | Loss_aug: 0.0972 | Loss_plain: 0.0521 | Test Acc: 97.75%
Step  1714 | Loss_aug: 0.0759 | Loss_plain: 0.0770 | Test Acc: 97.71%
Step  1716 | Loss_aug: 0.0735 | Loss_plain: 0.1110 | Test Acc: 97.75%
Step  1718 | Loss_aug: 0.0779 | Loss_plain: 0.0640 | Test Acc: 97.71%
Step  1720 | Loss_aug: 0.1222 | Loss_plain: 0.1273 | Test Acc: 97.75%
Step  1722 | Loss_aug: 0.0736 | Loss_plain: 0.0800 | Test Acc: 97.81%
Step  1724 | Loss_aug: 0.0843 | Loss_plain: 0.0427 | Test Acc: 97.78%
Step  1726 | Loss_aug: 0.0976 | Loss_plain: 0.0753 | Test Acc: 97.69%
Step  1728 | Loss_aug: 0.0591 | Loss_plain: 0.0792 | Test Acc: 97.70%
Step  1730 | Loss_aug: 0.0813 | Loss_plain: 0.1438 | Test Acc: 97.67%
Step  1732 | Loss_aug: 0.0718 | Loss_plain: 0.0392 | Test Acc: 97.65%
Step  1734 | Loss_aug: 0.0824 | Loss_plain: 0.0384 | Test Acc: 97.64%
Step  1736 | Loss_aug: 0.0883 | Loss_plain: 0.1149 | Test Acc: 97.66%
Step  1738 | Loss_aug: 0.0795 | Loss_plain: 0.0772 | Test Acc: 97.68%
Step  1740 | Loss_aug: 0.0818 | Loss_plain: 0.0803 | Test Acc: 97.70%
Step  1742 | Loss_aug: 0.1077 | Loss_plain: 0.0592 | Test Acc: 97.73%
Step  1744 | Loss_aug: 0.0950 | Loss_plain: 0.0463 | Test Acc: 97.73%
Step  1746 | Loss_aug: 0.0660 | Loss_plain: 0.0738 | Test Acc: 97.73%
Step  1748 | Loss_aug: 0.1102 | Loss_plain: 0.0450 | Test Acc: 97.75%
Step  1750 | Loss_aug: 0.0716 | Loss_plain: 0.0460 | Test Acc: 97.73%
Step  1752 | Loss_aug: 0.0891 | Loss_plain: 0.0623 | Test Acc: 97.79%
Step  1754 | Loss_aug: 0.0680 | Loss_plain: 0.1038 | Test Acc: 97.80%
Step  1756 | Loss_aug: 0.0808 | Loss_plain: 0.0785 | Test Acc: 97.76%
Step  1758 | Loss_aug: 0.1204 | Loss_plain: 0.0553 | Test Acc: 97.80%
Step  1760 | Loss_aug: 0.0869 | Loss_plain: 0.0931 | Test Acc: 97.76%
Step  1762 | Loss_aug: 0.0677 | Loss_plain: 0.0429 | Test Acc: 97.74%
Step  1764 | Loss_aug: 0.0687 | Loss_plain: 0.0688 | Test Acc: 97.75%
Step  1766 | Loss_aug: 0.0845 | Loss_plain: 0.0826 | Test Acc: 97.75%
Step  1768 | Loss_aug: 0.0779 | Loss_plain: 0.1217 | Test Acc: 97.82%
Step  1770 | Loss_aug: 0.0546 | Loss_plain: 0.0547 | Test Acc: 97.78%
Step  1772 | Loss_aug: 0.0827 | Loss_plain: 0.1062 | Test Acc: 97.90%
Step  1774 | Loss_aug: 0.0734 | Loss_plain: 0.0647 | Test Acc: 97.79%
Step  1776 | Loss_aug: 0.0684 | Loss_plain: 0.0585 | Test Acc: 97.76%
Step  1778 | Loss_aug: 0.0955 | Loss_plain: 0.0661 | Test Acc: 97.75%
Step  1780 | Loss_aug: 0.0721 | Loss_plain: 0.1015 | Test Acc: 97.77%
Step  1782 | Loss_aug: 0.0495 | Loss_plain: 0.0688 | Test Acc: 97.72%
Step  1784 | Loss_aug: 0.0831 | Loss_plain: 0.0656 | Test Acc: 97.73%
Step  1786 | Loss_aug: 0.0777 | Loss_plain: 0.1245 | Test Acc: 97.72%
Step  1788 | Loss_aug: 0.0605 | Loss_plain: 0.0876 | Test Acc: 97.78%
Step  1790 | Loss_aug: 0.0505 | Loss_plain: 0.0490 | Test Acc: 97.75%
Step  1792 | Loss_aug: 0.0824 | Loss_plain: 0.1170 | Test Acc: 97.72%
Step  1794 | Loss_aug: 0.0909 | Loss_plain: 0.1005 | Test Acc: 97.71%
Step  1796 | Loss_aug: 0.0988 | Loss_plain: 0.1257 | Test Acc: 97.63%
Step  1798 | Loss_aug: 0.0978 | Loss_plain: 0.0236 | Test Acc: 97.68%
Step  1800 | Loss_aug: 0.0749 | Loss_plain: 0.0751 | Test Acc: 97.69%
Step  1802 | Loss_aug: 0.0821 | Loss_plain: 0.0427 | Test Acc: 97.72%
Step  1804 | Loss_aug: 0.0818 | Loss_plain: 0.0708 | Test Acc: 97.79%
Step  1806 | Loss_aug: 0.0913 | Loss_plain: 0.0899 | Test Acc: 97.83%
Step  1808 | Loss_aug: 0.0832 | Loss_plain: 0.1184 | Test Acc: 97.88%
Step  1810 | Loss_aug: 0.0573 | Loss_plain: 0.1525 | Test Acc: 97.79%
Step  1812 | Loss_aug: 0.0830 | Loss_plain: 0.0559 | Test Acc: 97.75%
Step  1814 | Loss_aug: 0.1135 | Loss_plain: 0.1011 | Test Acc: 97.80%
Step  1816 | Loss_aug: 0.0610 | Loss_plain: 0.1080 | Test Acc: 97.79%
Step  1818 | Loss_aug: 0.0828 | Loss_plain: 0.0686 | Test Acc: 97.81%
Step  1820 | Loss_aug: 0.0722 | Loss_plain: 0.1048 | Test Acc: 97.84%
Step  1822 | Loss_aug: 0.0712 | Loss_plain: 0.0908 | Test Acc: 97.85%
Step  1824 | Loss_aug: 0.0866 | Loss_plain: 0.1003 | Test Acc: 97.80%
Step  1826 | Loss_aug: 0.0723 | Loss_plain: 0.1031 | Test Acc: 97.83%
Step  1828 | Loss_aug: 0.0675 | Loss_plain: 0.0796 | Test Acc: 97.89%
Step  1830 | Loss_aug: 0.0753 | Loss_plain: 0.0924 | Test Acc: 97.87%
Step  1832 | Loss_aug: 0.0752 | Loss_plain: 0.0863 | Test Acc: 97.78%
Step  1834 | Loss_aug: 0.0827 | Loss_plain: 0.0760 | Test Acc: 97.80%
Step  1836 | Loss_aug: 0.0480 | Loss_plain: 0.0619 | Test Acc: 97.82%
Step  1838 | Loss_aug: 0.0662 | Loss_plain: 0.0572 | Test Acc: 97.80%
Step  1840 | Loss_aug: 0.0707 | Loss_plain: 0.0698 | Test Acc: 97.87%
Step  1842 | Loss_aug: 0.0786 | Loss_plain: 0.1138 | Test Acc: 97.92%
Step  1844 | Loss_aug: 0.0667 | Loss_plain: 0.0691 | Test Acc: 97.93%
Step  1846 | Loss_aug: 0.0553 | Loss_plain: 0.0725 | Test Acc: 97.92%
Step  1848 | Loss_aug: 0.0608 | Loss_plain: 0.0806 | Test Acc: 97.91%
Step  1850 | Loss_aug: 0.0632 | Loss_plain: 0.0591 | Test Acc: 97.92%
Step  1852 | Loss_aug: 0.0893 | Loss_plain: 0.0819 | Test Acc: 97.98%
Step  1854 | Loss_aug: 0.0801 | Loss_plain: 0.0512 | Test Acc: 97.95%
Step  1856 | Loss_aug: 0.0827 | Loss_plain: 0.0543 | Test Acc: 97.90%
Step  1858 | Loss_aug: 0.0735 | Loss_plain: 0.0790 | Test Acc: 97.82%
Step  1860 | Loss_aug: 0.0833 | Loss_plain: 0.0649 | Test Acc: 97.85%
Step  1862 | Loss_aug: 0.0584 | Loss_plain: 0.1027 | Test Acc: 97.88%
Step  1864 | Loss_aug: 0.0629 | Loss_plain: 0.0497 | Test Acc: 97.86%
Step  1866 | Loss_aug: 0.0799 | Loss_plain: 0.0468 | Test Acc: 97.77%
Step  1868 | Loss_aug: 0.0811 | Loss_plain: 0.0747 | Test Acc: 97.91%
Step  1870 | Loss_aug: 0.1074 | Loss_plain: 0.0566 | Test Acc: 97.89%
Step  1872 | Loss_aug: 0.0777 | Loss_plain: 0.0520 | Test Acc: 97.91%
Step  1874 | Loss_aug: 0.0874 | Loss_plain: 0.0854 | Test Acc: 97.96%
Step  1876 | Loss_aug: 0.0567 | Loss_plain: 0.1143 | Test Acc: 97.94%
Step  1878 | Loss_aug: 0.0462 | Loss_plain: 0.0593 | Test Acc: 98.01%
Step  1880 | Loss_aug: 0.1106 | Loss_plain: 0.0558 | Test Acc: 97.99%

Epoch 5
Step  1882 | Loss_aug: 0.0742 | Loss_plain: 0.0406 | Test Acc: 97.96%
Step  1884 | Loss_aug: 0.0793 | Loss_plain: 0.0353 | Test Acc: 97.90%
Step  1886 | Loss_aug: 0.0802 | Loss_plain: 0.0471 | Test Acc: 97.94%
Step  1888 | Loss_aug: 0.0756 | Loss_plain: 0.0606 | Test Acc: 97.93%
Step  1890 | Loss_aug: 0.0481 | Loss_plain: 0.0464 | Test Acc: 97.94%
Step  1892 | Loss_aug: 0.0744 | Loss_plain: 0.0473 | Test Acc: 97.97%
Step  1894 | Loss_aug: 0.0443 | Loss_plain: 0.0360 | Test Acc: 97.91%
Step  1896 | Loss_aug: 0.0805 | Loss_plain: 0.0701 | Test Acc: 97.86%
Step  1898 | Loss_aug: 0.0808 | Loss_plain: 0.0847 | Test Acc: 97.82%
Step  1900 | Loss_aug: 0.0767 | Loss_plain: 0.1136 | Test Acc: 97.90%
Step  1902 | Loss_aug: 0.0659 | Loss_plain: 0.0784 | Test Acc: 97.94%
Step  1904 | Loss_aug: 0.0459 | Loss_plain: 0.0729 | Test Acc: 97.95%
Step  1906 | Loss_aug: 0.0759 | Loss_plain: 0.1064 | Test Acc: 98.01%
Step  1908 | Loss_aug: 0.0585 | Loss_plain: 0.0761 | Test Acc: 97.99%
Step  1910 | Loss_aug: 0.0919 | Loss_plain: 0.0491 | Test Acc: 98.00%
Step  1912 | Loss_aug: 0.0724 | Loss_plain: 0.0477 | Test Acc: 98.02%
Step  1914 | Loss_aug: 0.0759 | Loss_plain: 0.0362 | Test Acc: 98.05%
Step  1916 | Loss_aug: 0.0601 | Loss_plain: 0.0467 | Test Acc: 98.02%
Step  1918 | Loss_aug: 0.0424 | Loss_plain: 0.0571 | Test Acc: 98.03%
Step  1920 | Loss_aug: 0.0694 | Loss_plain: 0.0724 | Test Acc: 97.89%
Step  1922 | Loss_aug: 0.1118 | Loss_plain: 0.0601 | Test Acc: 97.84%
Step  1924 | Loss_aug: 0.0934 | Loss_plain: 0.0837 | Test Acc: 97.92%
Step  1926 | Loss_aug: 0.1111 | Loss_plain: 0.0630 | Test Acc: 97.95%
Step  1928 | Loss_aug: 0.1029 | Loss_plain: 0.1011 | Test Acc: 97.99%
Step  1930 | Loss_aug: 0.0871 | Loss_plain: 0.0478 | Test Acc: 98.00%
Step  1932 | Loss_aug: 0.0785 | Loss_plain: 0.0611 | Test Acc: 97.97%
Step  1934 | Loss_aug: 0.0733 | Loss_plain: 0.0366 | Test Acc: 97.93%
Step  1936 | Loss_aug: 0.0722 | Loss_plain: 0.0324 | Test Acc: 97.92%
Step  1938 | Loss_aug: 0.0581 | Loss_plain: 0.0583 | Test Acc: 97.94%
Step  1940 | Loss_aug: 0.0984 | Loss_plain: 0.0444 | Test Acc: 97.98%
Step  1942 | Loss_aug: 0.0882 | Loss_plain: 0.0699 | Test Acc: 98.00%
Step  1944 | Loss_aug: 0.0525 | Loss_plain: 0.0922 | Test Acc: 97.94%
Step  1946 | Loss_aug: 0.0793 | Loss_plain: 0.0476 | Test Acc: 97.98%
Step  1948 | Loss_aug: 0.0606 | Loss_plain: 0.1022 | Test Acc: 97.93%
Step  1950 | Loss_aug: 0.0968 | Loss_plain: 0.0369 | Test Acc: 97.93%
Step  1952 | Loss_aug: 0.0592 | Loss_plain: 0.0500 | Test Acc: 97.94%
Step  1954 | Loss_aug: 0.0590 | Loss_plain: 0.0513 | Test Acc: 97.99%
Step  1956 | Loss_aug: 0.0649 | Loss_plain: 0.0549 | Test Acc: 97.95%
Step  1958 | Loss_aug: 0.0664 | Loss_plain: 0.0955 | Test Acc: 98.03%
Step  1960 | Loss_aug: 0.0845 | Loss_plain: 0.0520 | Test Acc: 98.05%
Step  1962 | Loss_aug: 0.0687 | Loss_plain: 0.0719 | Test Acc: 97.97%
Step  1964 | Loss_aug: 0.0711 | Loss_plain: 0.1266 | Test Acc: 97.91%
Step  1966 | Loss_aug: 0.0809 | Loss_plain: 0.0662 | Test Acc: 97.92%
Step  1968 | Loss_aug: 0.0983 | Loss_plain: 0.0973 | Test Acc: 97.90%
Step  1970 | Loss_aug: 0.0780 | Loss_plain: 0.0621 | Test Acc: 97.95%
Step  1972 | Loss_aug: 0.0402 | Loss_plain: 0.0536 | Test Acc: 97.97%
Step  1974 | Loss_aug: 0.0736 | Loss_plain: 0.0396 | Test Acc: 98.02%
Step  1976 | Loss_aug: 0.0679 | Loss_plain: 0.0790 | Test Acc: 97.94%
Step  1978 | Loss_aug: 0.0670 | Loss_plain: 0.0871 | Test Acc: 97.88%
Step  1980 | Loss_aug: 0.0653 | Loss_plain: 0.0564 | Test Acc: 97.79%
Step  1982 | Loss_aug: 0.0925 | Loss_plain: 0.0433 | Test Acc: 97.75%
Step  1984 | Loss_aug: 0.0854 | Loss_plain: 0.0788 | Test Acc: 97.76%
Step  1986 | Loss_aug: 0.0802 | Loss_plain: 0.0632 | Test Acc: 97.73%
Step  1988 | Loss_aug: 0.0820 | Loss_plain: 0.0894 | Test Acc: 97.85%
Step  1990 | Loss_aug: 0.0661 | Loss_plain: 0.0558 | Test Acc: 98.08%
Step  1992 | Loss_aug: 0.0792 | Loss_plain: 0.0610 | Test Acc: 98.10%
Step  1994 | Loss_aug: 0.0489 | Loss_plain: 0.0990 | Test Acc: 98.02%
Step  1996 | Loss_aug: 0.0481 | Loss_plain: 0.0721 | Test Acc: 98.02%
Step  1998 | Loss_aug: 0.0567 | Loss_plain: 0.0527 | Test Acc: 97.98%
Step  2000 | Loss_aug: 0.0811 | Loss_plain: 0.0741 | Test Acc: 98.02%
Step  2002 | Loss_aug: 0.0827 | Loss_plain: 0.1034 | Test Acc: 98.05%
Step  2004 | Loss_aug: 0.0568 | Loss_plain: 0.0841 | Test Acc: 98.06%
Step  2006 | Loss_aug: 0.0513 | Loss_plain: 0.0526 | Test Acc: 98.04%
Step  2008 | Loss_aug: 0.0743 | Loss_plain: 0.0635 | Test Acc: 98.07%
Step  2010 | Loss_aug: 0.0770 | Loss_plain: 0.0422 | Test Acc: 97.97%
Step  2012 | Loss_aug: 0.0739 | Loss_plain: 0.0864 | Test Acc: 98.03%
Step  2014 | Loss_aug: 0.0714 | Loss_plain: 0.0731 | Test Acc: 97.98%
Step  2016 | Loss_aug: 0.0686 | Loss_plain: 0.0399 | Test Acc: 98.01%
Step  2018 | Loss_aug: 0.0573 | Loss_plain: 0.0518 | Test Acc: 98.03%
Step  2020 | Loss_aug: 0.0584 | Loss_plain: 0.0455 | Test Acc: 97.99%
Step  2022 | Loss_aug: 0.1017 | Loss_plain: 0.0473 | Test Acc: 98.02%
Step  2024 | Loss_aug: 0.0483 | Loss_plain: 0.0799 | Test Acc: 98.08%
Step  2026 | Loss_aug: 0.0642 | Loss_plain: 0.0435 | Test Acc: 98.14%
Step  2028 | Loss_aug: 0.0539 | Loss_plain: 0.0342 | Test Acc: 98.12%
Step  2030 | Loss_aug: 0.0609 | Loss_plain: 0.1037 | Test Acc: 98.06%
Step  2032 | Loss_aug: 0.0682 | Loss_plain: 0.0530 | Test Acc: 98.03%
Step  2034 | Loss_aug: 0.0478 | Loss_plain: 0.0800 | Test Acc: 98.07%
Step  2036 | Loss_aug: 0.0749 | Loss_plain: 0.0541 | Test Acc: 98.09%
Step  2038 | Loss_aug: 0.0717 | Loss_plain: 0.0617 | Test Acc: 98.15%
Step  2040 | Loss_aug: 0.0648 | Loss_plain: 0.0462 | Test Acc: 98.09%
Step  2042 | Loss_aug: 0.0869 | Loss_plain: 0.0723 | Test Acc: 98.04%
Step  2044 | Loss_aug: 0.0718 | Loss_plain: 0.0365 | Test Acc: 98.05%
Step  2046 | Loss_aug: 0.0677 | Loss_plain: 0.0663 | Test Acc: 98.00%
Step  2048 | Loss_aug: 0.0599 | Loss_plain: 0.0637 | Test Acc: 98.03%
Step  2050 | Loss_aug: 0.0596 | Loss_plain: 0.0481 | Test Acc: 98.04%
Step  2052 | Loss_aug: 0.0544 | Loss_plain: 0.0612 | Test Acc: 98.02%
Step  2054 | Loss_aug: 0.0467 | Loss_plain: 0.0531 | Test Acc: 98.04%
Step  2056 | Loss_aug: 0.0959 | Loss_plain: 0.0574 | Test Acc: 97.98%
Step  2058 | Loss_aug: 0.0864 | Loss_plain: 0.0845 | Test Acc: 98.08%
Step  2060 | Loss_aug: 0.0686 | Loss_plain: 0.0761 | Test Acc: 98.10%
Step  2062 | Loss_aug: 0.0573 | Loss_plain: 0.0363 | Test Acc: 98.02%
Step  2064 | Loss_aug: 0.0892 | Loss_plain: 0.0893 | Test Acc: 98.01%
Step  2066 | Loss_aug: 0.0496 | Loss_plain: 0.1240 | Test Acc: 98.05%
Step  2068 | Loss_aug: 0.1189 | Loss_plain: 0.0809 | Test Acc: 98.03%
Step  2070 | Loss_aug: 0.0476 | Loss_plain: 0.1119 | Test Acc: 98.05%
Step  2072 | Loss_aug: 0.0691 | Loss_plain: 0.0433 | Test Acc: 98.07%
Step  2074 | Loss_aug: 0.0845 | Loss_plain: 0.0947 | Test Acc: 98.11%
Step  2076 | Loss_aug: 0.0802 | Loss_plain: 0.0631 | Test Acc: 98.14%
Step  2078 | Loss_aug: 0.0678 | Loss_plain: 0.0997 | Test Acc: 98.19%
Step  2080 | Loss_aug: 0.0577 | Loss_plain: 0.1134 | Test Acc: 98.11%
Step  2082 | Loss_aug: 0.0891 | Loss_plain: 0.0544 | Test Acc: 98.03%
Step  2084 | Loss_aug: 0.0539 | Loss_plain: 0.0912 | Test Acc: 97.97%
Step  2086 | Loss_aug: 0.0773 | Loss_plain: 0.1166 | Test Acc: 97.95%
Step  2088 | Loss_aug: 0.0571 | Loss_plain: 0.0803 | Test Acc: 97.89%
Step  2090 | Loss_aug: 0.0281 | Loss_plain: 0.0757 | Test Acc: 97.96%
Step  2092 | Loss_aug: 0.0757 | Loss_plain: 0.0689 | Test Acc: 98.00%
Step  2094 | Loss_aug: 0.0513 | Loss_plain: 0.0924 | Test Acc: 98.03%
Step  2096 | Loss_aug: 0.0504 | Loss_plain: 0.0470 | Test Acc: 97.96%
Step  2098 | Loss_aug: 0.0854 | Loss_plain: 0.0470 | Test Acc: 97.95%
Step  2100 | Loss_aug: 0.0467 | Loss_plain: 0.0526 | Test Acc: 97.94%
Step  2102 | Loss_aug: 0.0683 | Loss_plain: 0.0926 | Test Acc: 98.07%
Step  2104 | Loss_aug: 0.0524 | Loss_plain: 0.0406 | Test Acc: 97.98%
Step  2106 | Loss_aug: 0.0493 | Loss_plain: 0.0499 | Test Acc: 98.01%
Step  2108 | Loss_aug: 0.0674 | Loss_plain: 0.0903 | Test Acc: 98.03%
Step  2110 | Loss_aug: 0.0593 | Loss_plain: 0.0498 | Test Acc: 98.09%
Step  2112 | Loss_aug: 0.0752 | Loss_plain: 0.0879 | Test Acc: 98.16%
Step  2114 | Loss_aug: 0.0919 | Loss_plain: 0.0669 | Test Acc: 98.19%
Step  2116 | Loss_aug: 0.0546 | Loss_plain: 0.0430 | Test Acc: 98.07%
Step  2118 | Loss_aug: 0.0536 | Loss_plain: 0.0442 | Test Acc: 98.05%
Step  2120 | Loss_aug: 0.0872 | Loss_plain: 0.0590 | Test Acc: 98.08%
Step  2122 | Loss_aug: 0.0428 | Loss_plain: 0.0748 | Test Acc: 98.10%
Step  2124 | Loss_aug: 0.0566 | Loss_plain: 0.0336 | Test Acc: 98.11%
Step  2126 | Loss_aug: 0.0850 | Loss_plain: 0.0595 | Test Acc: 98.08%
Step  2128 | Loss_aug: 0.0528 | Loss_plain: 0.0841 | Test Acc: 97.99%
Step  2130 | Loss_aug: 0.0581 | Loss_plain: 0.1195 | Test Acc: 97.98%
Step  2132 | Loss_aug: 0.0660 | Loss_plain: 0.0433 | Test Acc: 98.05%
Step  2134 | Loss_aug: 0.0718 | Loss_plain: 0.0858 | Test Acc: 98.05%
Step  2136 | Loss_aug: 0.0753 | Loss_plain: 0.0428 | Test Acc: 98.00%
Step  2138 | Loss_aug: 0.0612 | Loss_plain: 0.0480 | Test Acc: 97.97%
Step  2140 | Loss_aug: 0.0471 | Loss_plain: 0.0721 | Test Acc: 98.03%
Step  2142 | Loss_aug: 0.0949 | Loss_plain: 0.0738 | Test Acc: 98.00%
Step  2144 | Loss_aug: 0.0750 | Loss_plain: 0.1375 | Test Acc: 97.99%
Step  2146 | Loss_aug: 0.0647 | Loss_plain: 0.0562 | Test Acc: 98.01%
Step  2148 | Loss_aug: 0.0558 | Loss_plain: 0.0992 | Test Acc: 98.00%
Step  2150 | Loss_aug: 0.0561 | Loss_plain: 0.0555 | Test Acc: 98.07%
Step  2152 | Loss_aug: 0.0521 | Loss_plain: 0.0546 | Test Acc: 98.10%
Step  2154 | Loss_aug: 0.0344 | Loss_plain: 0.0370 | Test Acc: 98.09%
Step  2156 | Loss_aug: 0.0532 | Loss_plain: 0.0531 | Test Acc: 98.02%
Step  2158 | Loss_aug: 0.0735 | Loss_plain: 0.0688 | Test Acc: 98.02%
Step  2160 | Loss_aug: 0.0846 | Loss_plain: 0.0376 | Test Acc: 98.09%
Step  2162 | Loss_aug: 0.0599 | Loss_plain: 0.0263 | Test Acc: 98.07%
Step  2164 | Loss_aug: 0.0683 | Loss_plain: 0.1039 | Test Acc: 98.06%
Step  2166 | Loss_aug: 0.0627 | Loss_plain: 0.0485 | Test Acc: 98.02%
Step  2168 | Loss_aug: 0.0633 | Loss_plain: 0.0389 | Test Acc: 98.05%
Step  2170 | Loss_aug: 0.0627 | Loss_plain: 0.0993 | Test Acc: 98.14%
Step  2172 | Loss_aug: 0.0716 | Loss_plain: 0.1337 | Test Acc: 98.15%
Step  2174 | Loss_aug: 0.0570 | Loss_plain: 0.0864 | Test Acc: 98.11%
Step  2176 | Loss_aug: 0.0780 | Loss_plain: 0.0603 | Test Acc: 98.09%
Step  2178 | Loss_aug: 0.0670 | Loss_plain: 0.0553 | Test Acc: 98.05%
Step  2180 | Loss_aug: 0.0800 | Loss_plain: 0.0710 | Test Acc: 98.09%
Step  2182 | Loss_aug: 0.0677 | Loss_plain: 0.0873 | Test Acc: 98.08%
Step  2184 | Loss_aug: 0.0733 | Loss_plain: 0.0669 | Test Acc: 98.14%
Step  2186 | Loss_aug: 0.0422 | Loss_plain: 0.0780 | Test Acc: 98.18%
Step  2188 | Loss_aug: 0.0625 | Loss_plain: 0.0369 | Test Acc: 98.21%
Step  2190 | Loss_aug: 0.0553 | Loss_plain: 0.0607 | Test Acc: 98.23%
Step  2192 | Loss_aug: 0.0801 | Loss_plain: 0.0808 | Test Acc: 98.18%
Step  2194 | Loss_aug: 0.0671 | Loss_plain: 0.0654 | Test Acc: 98.05%
Step  2196 | Loss_aug: 0.0570 | Loss_plain: 0.0417 | Test Acc: 98.05%
Step  2198 | Loss_aug: 0.0870 | Loss_plain: 0.0938 | Test Acc: 98.05%
Step  2200 | Loss_aug: 0.0685 | Loss_plain: 0.0436 | Test Acc: 98.05%
Step  2202 | Loss_aug: 0.0591 | Loss_plain: 0.0712 | Test Acc: 97.94%
Step  2204 | Loss_aug: 0.0617 | Loss_plain: 0.1240 | Test Acc: 97.97%
Step  2206 | Loss_aug: 0.0367 | Loss_plain: 0.0484 | Test Acc: 97.94%
Step  2208 | Loss_aug: 0.0787 | Loss_plain: 0.0648 | Test Acc: 97.90%
Step  2210 | Loss_aug: 0.0687 | Loss_plain: 0.1069 | Test Acc: 97.97%
Step  2212 | Loss_aug: 0.0493 | Loss_plain: 0.0483 | Test Acc: 97.97%
Step  2214 | Loss_aug: 0.0460 | Loss_plain: 0.1055 | Test Acc: 97.99%
Step  2216 | Loss_aug: 0.0537 | Loss_plain: 0.0329 | Test Acc: 98.06%
Step  2218 | Loss_aug: 0.0922 | Loss_plain: 0.0596 | Test Acc: 98.13%
Step  2220 | Loss_aug: 0.0839 | Loss_plain: 0.0611 | Test Acc: 98.15%
Step  2222 | Loss_aug: 0.0392 | Loss_plain: 0.1034 | Test Acc: 98.12%
Step  2224 | Loss_aug: 0.0505 | Loss_plain: 0.0997 | Test Acc: 98.13%
Step  2226 | Loss_aug: 0.0491 | Loss_plain: 0.0451 | Test Acc: 98.05%
Step  2228 | Loss_aug: 0.0832 | Loss_plain: 0.0557 | Test Acc: 98.05%
Step  2230 | Loss_aug: 0.0599 | Loss_plain: 0.0920 | Test Acc: 98.06%
Step  2232 | Loss_aug: 0.0917 | Loss_plain: 0.0806 | Test Acc: 98.18%
Step  2234 | Loss_aug: 0.0754 | Loss_plain: 0.0561 | Test Acc: 98.17%
Step  2236 | Loss_aug: 0.0690 | Loss_plain: 0.0393 | Test Acc: 98.13%
Step  2238 | Loss_aug: 0.0658 | Loss_plain: 0.0587 | Test Acc: 98.11%
Step  2240 | Loss_aug: 0.0744 | Loss_plain: 0.0409 | Test Acc: 98.13%
Step  2242 | Loss_aug: 0.0768 | Loss_plain: 0.0490 | Test Acc: 98.15%
Step  2244 | Loss_aug: 0.0736 | Loss_plain: 0.0490 | Test Acc: 98.17%
Step  2246 | Loss_aug: 0.0453 | Loss_plain: 0.0545 | Test Acc: 98.18%
Step  2248 | Loss_aug: 0.0640 | Loss_plain: 0.0179 | Test Acc: 98.19%
Step  2250 | Loss_aug: 0.0430 | Loss_plain: 0.1314 | Test Acc: 98.17%
Step  2252 | Loss_aug: 0.0383 | Loss_plain: 0.0502 | Test Acc: 98.06%
Step  2254 | Loss_aug: 0.0710 | Loss_plain: 0.0437 | Test Acc: 98.03%
Step  2256 | Loss_aug: 0.0789 | Loss_plain: 0.0840 | Test Acc: 98.02%
Step  2258 | Loss_aug: 0.0683 | Loss_plain: 0.0371 | Test Acc: 97.95%
Step  2260 | Loss_aug: 0.0875 | Loss_plain: 0.0724 | Test Acc: 97.88%
Step  2262 | Loss_aug: 0.0883 | Loss_plain: 0.1833 | Test Acc: 97.91%
Step  2264 | Loss_aug: 0.0690 | Loss_plain: 0.0886 | Test Acc: 97.97%
Step  2266 | Loss_aug: 0.0746 | Loss_plain: 0.0870 | Test Acc: 98.13%
Step  2268 | Loss_aug: 0.0413 | Loss_plain: 0.0844 | Test Acc: 98.26%
Step  2270 | Loss_aug: 0.0622 | Loss_plain: 0.0680 | Test Acc: 98.17%
Step  2272 | Loss_aug: 0.0620 | Loss_plain: 0.0443 | Test Acc: 98.12%
Step  2274 | Loss_aug: 0.0720 | Loss_plain: 0.0487 | Test Acc: 98.15%
Step  2276 | Loss_aug: 0.0769 | Loss_plain: 0.0535 | Test Acc: 98.28%
Step  2278 | Loss_aug: 0.0360 | Loss_plain: 0.0746 | Test Acc: 98.37%
Step  2280 | Loss_aug: 0.0578 | Loss_plain: 0.0597 | Test Acc: 98.28%
Step  2282 | Loss_aug: 0.0625 | Loss_plain: 0.0822 | Test Acc: 98.28%
Step  2284 | Loss_aug: 0.0756 | Loss_plain: 0.0914 | Test Acc: 98.28%
Step  2286 | Loss_aug: 0.0615 | Loss_plain: 0.0485 | Test Acc: 98.19%
Step  2288 | Loss_aug: 0.0690 | Loss_plain: 0.0727 | Test Acc: 98.19%
Step  2290 | Loss_aug: 0.0495 | Loss_plain: 0.0549 | Test Acc: 98.20%
Step  2292 | Loss_aug: 0.0539 | Loss_plain: 0.0393 | Test Acc: 98.23%
Step  2294 | Loss_aug: 0.0433 | Loss_plain: 0.0557 | Test Acc: 98.23%
Step  2296 | Loss_aug: 0.0732 | Loss_plain: 0.0682 | Test Acc: 98.18%
Step  2298 | Loss_aug: 0.0556 | Loss_plain: 0.0474 | Test Acc: 98.17%
Step  2300 | Loss_aug: 0.0688 | Loss_plain: 0.0661 | Test Acc: 98.18%
Step  2302 | Loss_aug: 0.0715 | Loss_plain: 0.0724 | Test Acc: 98.15%
Step  2304 | Loss_aug: 0.0485 | Loss_plain: 0.0391 | Test Acc: 98.13%
Step  2306 | Loss_aug: 0.0394 | Loss_plain: 0.0501 | Test Acc: 98.25%
Step  2308 | Loss_aug: 0.0475 | Loss_plain: 0.0527 | Test Acc: 98.27%
Step  2310 | Loss_aug: 0.0502 | Loss_plain: 0.0567 | Test Acc: 98.20%
Step  2312 | Loss_aug: 0.0382 | Loss_plain: 0.0423 | Test Acc: 98.11%
Step  2314 | Loss_aug: 0.0867 | Loss_plain: 0.0526 | Test Acc: 98.03%
Step  2316 | Loss_aug: 0.0801 | Loss_plain: 0.0559 | Test Acc: 98.06%
Step  2318 | Loss_aug: 0.0529 | Loss_plain: 0.1183 | Test Acc: 98.14%
Step  2320 | Loss_aug: 0.0383 | Loss_plain: 0.0397 | Test Acc: 98.13%
Step  2322 | Loss_aug: 0.0439 | Loss_plain: 0.0970 | Test Acc: 98.12%
Step  2324 | Loss_aug: 0.0685 | Loss_plain: 0.0391 | Test Acc: 98.23%
Step  2326 | Loss_aug: 0.0575 | Loss_plain: 0.0707 | Test Acc: 98.18%
Step  2328 | Loss_aug: 0.0763 | Loss_plain: 0.0581 | Test Acc: 98.26%
Step  2330 | Loss_aug: 0.0520 | Loss_plain: 0.0969 | Test Acc: 98.29%
Step  2332 | Loss_aug: 0.0477 | Loss_plain: 0.0685 | Test Acc: 98.26%
Step  2334 | Loss_aug: 0.0600 | Loss_plain: 0.0716 | Test Acc: 98.31%
Step  2336 | Loss_aug: 0.0505 | Loss_plain: 0.1086 | Test Acc: 98.28%
Step  2338 | Loss_aug: 0.0684 | Loss_plain: 0.0269 | Test Acc: 98.26%
Step  2340 | Loss_aug: 0.0612 | Loss_plain: 0.0413 | Test Acc: 98.27%
Step  2342 | Loss_aug: 0.0741 | Loss_plain: 0.0564 | Test Acc: 98.25%
Step  2344 | Loss_aug: 0.0434 | Loss_plain: 0.0819 | Test Acc: 98.25%
Step  2346 | Loss_aug: 0.0692 | Loss_plain: 0.0980 | Test Acc: 98.33%
Step  2348 | Loss_aug: 0.0794 | Loss_plain: 0.1156 | Test Acc: 98.34%
Step  2350 | Loss_aug: 0.1309 | Loss_plain: 0.0323 | Test Acc: 98.28%
