[5. 5. 5. 5. 5. 5. 5. 5. 5. 5. 5. 5. 5. 5. 5. 5. 5. 5. 5. 5.]
Forward diffusion process

Forward initial average: 10.0
state: [ 0.  0.  0.  0.  0.  0.  2.  5. 14. 17. 24. 14.  8. 10.  3.  3.  0.  0.  0.  0.]
state average: 10.19
state: [ 0.  0.  0.  0.  3.  0.  9. 10. 11.  9. 15. 12.  9.  7.  5.  6.  1.  2.  1.  0.]
state average: 10.14
state: [ 0.  0.  1.  2.  3.  3.  9.  9.  8.  7. 10. 12.  9.  3. 11.  5.  3.  2.  3.  0.]
state average: 10.23
state: [0. 0. 2. 5. 2. 5. 7. 8. 7. 6. 6. 8. 8. 8. 7. 6. 8. 2. 5. 0.]
state average: 10.48
state: [ 1.  2.  1.  1.  4. 10.  5.  3.  7.  7.  7.  6.  7.  8.  9.  7.  6.  4.  5.  0.]
state average: 10.52

Backward anti-diffusion process

Backward initial state: [ 1.  2.  1.  1.  4. 10.  5.  3.  7.  7.  7.  6.  7.  8.  9.  7.  6.  4.  5.  0.]
Backward initial average: 10.52
state: [ 3.  7.  5.  6.  1.  5.  6.  4.  1.  8.  3.  5.  6.  3.  5.  9. 13.  4.  5.  1.]
state average: 9.94
state: [ 1.  5.  1.  7.  6.  4.  6.  3.  4.  3.  8.  6.  7.  5.  8.  3. 14.  7.  2.  0.]
state average: 10.19
state: [ 3. 10.  4.  7.  6.  0. 10.  9.  4.  5.  5.  4.  5.  4.  3.  4.  4.  7.  6.  0.]
state average: 8.62
state: [5. 2. 7. 8. 3. 8. 6. 7. 4. 6. 3. 7. 6. 1. 3. 8. 5. 7. 3. 1.]
state average: 8.89
state: [4. 4. 5. 5. 5. 8. 7. 3. 5. 9. 5. 1. 5. 8. 5. 7. 4. 4. 4. 2.]
state average: 9.15

Pure backward anti-diffusion process

state: [ 0.  7. 11.  3.  3.  6.  5.  5.  8.  5.  3.  6.  7.  4.  4.  5.  8.  6.  4.  0.]
state average: 9.19
state: [ 3.  5.  1.  6. 12.  8.  4.  7.  3.  2.  6.  4.  4.  6.  9.  4.  4.  6.  4.  2.]
state average: 9.2
state: [5. 5. 4. 6. 9. 7. 1. 9. 2. 3. 8. 5. 5. 4. 6. 7. 7. 3. 2. 2.]
state average: 8.87
state: [5. 4. 5. 4. 5. 7. 8. 4. 3. 8. 6. 9. 2. 3. 8. 4. 5. 4. 3. 3.]
state average: 9.06
state: [ 6.  6.  5.  3.  6.  4.  4.  7. 10.  6.  6. 12.  3.  2.  4.  4.  6.  4.  2.  0.]
state average: 8.46
