Forward diffusion process

Forward initial average: 10.0
state: [  0.   0.   0.   0.   0.   3.  23.  81. 173. 197. 180. 138.  84.  53.  31.  22.   9.   2.   3.   1.]
state average: 9.907
state: [  0.   0.   2.   8.  14.  34.  52.  98. 130. 126. 118. 109. 104.  67.  60.  29.  17.  15.  14.   3.]
state average: 10.035
state: [  3.   3.   6.  16.  20.  48.  72.  93.  84.  98. 118. 107.  93.  59.  50.  34.  34.  33.  20.   9.]
state average: 10.106
state: [  5.   7.  15.  23.  29.  54.  58.  69.  84. 101. 114.  81.  88.  68.  55.  41.  36.  42.  22.   8.]
state average: 10.098
state: [  8.  20.  14.  24.  45.  51.  49.  78.  75.  83. 101.  73.  78.  74.  70.  44.  38.  31.  35.   9.]
state average: 10.029

Backward anti-diffusion process

Backward initial state: [  8.  20.  14.  24.  45.  51.  49.  78.  75.  83. 101.  73.  78.  74.  70.  44.  38.  31.  35.   9.]
Backward initial average: 10.029
state: [32. 50. 40. 41. 52. 54. 51. 37. 61. 57. 59. 52. 51. 64. 49. 63. 66. 57. 51. 13.]
state average: 9.724
state: [28. 49. 54. 48. 52. 55. 49. 55. 55. 62. 56. 55. 40. 61. 37. 64. 56. 51. 56. 17.]
state average: 9.471
state: [42. 60. 57. 49. 51. 53. 43. 46. 38. 56. 50. 58. 49. 61. 50. 55. 63. 50. 57. 12.]
state average: 9.334
state: [38. 49. 57. 54. 50. 56. 54. 40. 58. 54. 63. 52. 48. 44. 56. 61. 51. 52. 51. 12.]
state average: 9.254
state: [36. 43. 57. 60. 48. 49. 52. 51. 43. 65. 50. 56. 58. 50. 47. 53. 52. 61. 52. 17.]
state average: 9.415

Pure backward anti-diffusion process

state: [43. 49. 49. 46. 48. 53. 61. 57. 53. 56. 49. 51. 50. 51. 41. 47. 61. 60. 51. 24.]
state average: 9.398
state: [39. 46. 47. 66. 48. 58. 44. 54. 53. 36. 53. 53. 62. 58. 50. 45. 58. 59. 51. 20.]
state average: 9.425
state: [33. 46. 57. 52. 44. 54. 56. 48. 42. 60. 45. 63. 56. 50. 64. 67. 39. 50. 58. 16.]
state average: 9.498
state: [31. 52. 49. 48. 51. 43. 60. 62. 41. 44. 57. 58. 51. 60. 52. 53. 48. 71. 56. 13.]
state average: 9.584
state: [40. 37. 50. 42. 49. 51. 65. 40. 54. 52. 57. 60. 60. 40. 59. 54. 57. 63. 59. 11.]
state average: 9.644
