Forward diffusion process

Forward initial average: 10.0
state: [  0.   0.   0.   0.   0.   3.  27.  86. 150. 204. 185. 112. 101.  56.  43.  17.   8.   3.   5.   0.]
state average: 9.963
state: [  0.   0.   1.   8.  16.  38.  67.  79. 113. 136. 126. 116.  95.  67.  49.  35.  25.  19.   9.   1.]
state average: 10.025
state: [  4.   3.  10.  16.  28.  53.  61.  88. 105.  97. 105.  96.  76.  69.  67.  32.  37.  23.  26.   4.]
state average: 10.003
state: [ 6. 11. 18. 20. 42. 51. 58. 88. 78. 74. 85. 88. 89. 72. 59. 53. 38. 31. 30.  9.]
state average: 10.073
state: [14. 13. 21. 23. 47. 51. 68. 65. 77. 89. 68. 81. 63. 69. 53. 51. 54. 40. 48.  5.]
state average: 10.081

Backward anti-diffusion process

Backward initial state: [14. 13. 21. 23. 47. 51. 68. 65. 77. 89. 68. 81. 63. 69. 53. 51. 54. 40. 48.  5.]
Backward initial average: 10.081
state: [30. 36. 44. 42. 52. 44. 47. 39. 53. 55. 51. 55. 63. 68. 61. 53. 62. 62. 69. 14.]
state average: 10.11
state: [34. 36. 55. 47. 45. 41. 43. 62. 50. 46. 66. 56. 62. 49. 69. 56. 58. 44. 69. 12.]
state average: 9.787
state: [33. 48. 49. 48. 59. 68. 44. 47. 68. 45. 52. 45. 43. 62. 49. 50. 57. 58. 67.  8.]
state average: 9.437
state: [51. 63. 45. 51. 49. 49. 51. 42. 63. 51. 47. 58. 62. 46. 45. 39. 58. 51. 63. 16.]
state average: 9.208
state: [35. 49. 61. 74. 38. 41. 56. 58. 66. 43. 45. 47. 52. 59. 58. 50. 58. 45. 53. 12.]
state average: 9.202

Pure backward anti-diffusion process

state: [38. 35. 63. 54. 69. 45. 50. 55. 46. 44. 48. 46. 58. 68. 43. 43. 58. 60. 60. 17.]
state average: 9.437
state: [34. 53. 44. 66. 57. 45. 43. 50. 65. 46. 51. 52. 49. 59. 45. 53. 63. 52. 57. 16.]
state average: 9.418
state: [39. 36. 66. 63. 55. 40. 53. 48. 55. 42. 49. 56. 56. 49. 58. 48. 47. 70. 56. 14.]
state average: 9.412
state: [39. 55. 63. 48. 42. 53. 46. 49. 46. 57. 45. 46. 60. 58. 61. 62. 61. 39. 61.  9.]
state average: 9.38
state: [49. 54. 64. 44. 52. 43. 45. 50. 48. 48. 44. 56. 49. 59. 50. 66. 72. 44. 52. 11.]
state average: 9.319
